<?xml version="1.0" encoding="utf-8" standalone="no"?>
<!--This file represents the results of running a test suite-->
<test-results name="C:\Projects\bowerbird.web\Src\Bowerbird.sln" total="390" errors="0" failures="0" not-run="14" inconclusive="0" ignored="14" skipped="0" invalid="0" date="2012-01-05" time="16:41:12">
  <environment nunit-version="2.5.10.11092" clr-version="2.0.50727.4963" os-version="Microsoft Windows NT 6.1.7600.0" platform="Win32NT" cwd="C:\Program Files (x86)\NUnit 2.5.10\bin\net-2.0" machine-name="MVPC1506" user="hcrittenden" user-domain="MV" />
  <culture-info current-culture="en-AU" current-uiculture="en-US" />
  <test-suite type="Test Project" name="C:\Projects\bowerbird.web\Src\Bowerbird.sln" executed="True" result="Success" success="True" time="123.552" asserts="0">
    <results>
      <test-suite type="Assembly" name="C:\Projects\bowerbird.web\Src\Bowerbird.Core\bin\Debug\Bowerbird.Core.dll" executed="True" result="Inconclusive" success="False" time="0.023" asserts="0" />
      <test-suite type="Assembly" name="C:\Projects\bowerbird.web\Src\Bowerbird.Web\bin\Debug\Bowerbird.Web.dll" executed="True" result="Inconclusive" success="False" time="0.025" asserts="0" />
      <test-suite type="Assembly" name="C:\Projects\bowerbird.web\Src\Bowerbird.Website\bin\Bowerbird.Website.dll" executed="True" result="Inconclusive" success="False" time="0.026" asserts="0" />
      <test-suite type="Assembly" name="C:\Projects\bowerbird.web\Src\Bowerbird.Core.Test\bin\Debug\Bowerbird.Core.Test.dll" executed="True" result="Success" success="True" time="72.848" asserts="0">
        <results>
          <test-suite type="Namespace" name="Bowerbird" executed="True" result="Success" success="True" time="72.768" asserts="0">
            <results>
              <test-suite type="Namespace" name="Core" executed="True" result="Success" success="True" time="72.703" asserts="0">
                <results>
                  <test-suite type="Namespace" name="Test" executed="True" result="Success" success="True" time="72.640" asserts="0">
                    <results>
                      <test-suite type="Namespace" name="CommandHandlers" executed="True" result="Success" success="True" time="5.793" asserts="0">
                        <results>
                          <test-suite type="TestFixture" name="ObservationCreateCommandHandlerTest" executed="True" result="Success" success="True" time="2.481" asserts="0">
                            <results>
                              <test-case name="Bowerbird.Core.Test.CommandHandlers.ObservationCreateCommandHandlerTest.ObservationCreateCommandHandler_Constructor_With_Null_MediaResourceRepository_Throws_DesignByContractException" executed="True" result="Success" success="True" time="0.666" asserts="1">
                                <categories>
                                  <category name="Unit" />
                                </categories>
                              </test-case>
                              <test-case name="Bowerbird.Core.Test.CommandHandlers.ObservationCreateCommandHandlerTest.ObservationCreateCommandHandler_Constructor_With_Null_ObservationRepository_Throws_DesignByContractException" executed="True" result="Success" success="True" time="0.002" asserts="1">
                                <categories>
                                  <category name="Unit" />
                                </categories>
                              </test-case>
                              <test-case name="Bowerbird.Core.Test.CommandHandlers.ObservationCreateCommandHandlerTest.ObservationCreateCommandHandler_Constructor_With_Null_UserRepository_Throws_DesignByContractException" executed="True" result="Success" success="True" time="0.001" asserts="1">
                                <categories>
                                  <category name="Unit" />
                                </categories>
                              </test-case>
                              <test-case name="Bowerbird.Core.Test.CommandHandlers.ObservationCreateCommandHandlerTest.ObservationCreateCommandHandler_Handle_Passing_Null_ObservationCreateCommandHandle_Throws_DesignByContractException" executed="True" result="Success" success="True" time="0.002" asserts="1">
                                <categories>
                                  <category name="Unit" />
                                </categories>
                              </test-case>
                              <test-case name="Bowerbird.Core.Test.CommandHandlers.ObservationCreateCommandHandlerTest.ObservationCreateCommandHandler_Handle_Passing_ObservationCreateCommand_Calls_ObservationRepository_Add" executed="True" result="Success" success="True" time="0.714" asserts="0">
                                <categories>
                                  <category name="Unit" />
                                </categories>
                              </test-case>
                              <test-case name="Bowerbird.Core.Test.CommandHandlers.ObservationCreateCommandHandlerTest.ObservationCreateCommandHandler_Handle_Passing_ObservationCreateCommand_Calls_UserRepository_Load" executed="True" result="Success" success="True" time="0.020" asserts="0">
                                <categories>
                                  <category name="Integration" />
                                </categories>
                              </test-case>
                              <test-case name="Bowerbird.Core.Test.CommandHandlers.ObservationCreateCommandHandlerTest.ObservationCreateCommandHandler_Handle_Passing_ObservationCreateCommand_With_MediaResources_Calls_MediaResourceRepository_Load" executed="True" result="Success" success="True" time="0.020" asserts="0">
                                <categories>
                                  <category name="Integration" />
                                </categories>
                              </test-case>
                              <test-case name="Bowerbird.Core.Test.CommandHandlers.ObservationCreateCommandHandlerTest.ObservationCreateCommandHandler_Handle_Passing_ObservationCreateCommand_Without_MediaResources_DoesNotCall_MediaResourceRepository_Load" executed="True" result="Success" success="True" time="0.000" asserts="0">
                                <categories>
                                  <category name="Integration" />
                                </categories>
                              </test-case>
                            </results>
                          </test-suite>
                          <test-suite type="TestFixture" name="ObservationUpdateCommandHandlerTest" executed="True" result="Success" success="True" time="1.224" asserts="0">
                            <results>
                              <test-case name="Bowerbird.Core.Test.CommandHandlers.ObservationUpdateCommandHandlerTest.ObservationUpdateCommandHandler_Constructor_Passing_Null_MediaResourceRepository_Throws_DesignByContractException" executed="True" result="Success" success="True" time="0.003" asserts="1">
                                <categories>
                                  <category name="Unit" />
                                </categories>
                              </test-case>
                              <test-case name="Bowerbird.Core.Test.CommandHandlers.ObservationUpdateCommandHandlerTest.ObservationUpdateCommandHandler_Constructor_Passing_Null_ObservationRepository_Throws_DesignByContractException" executed="True" result="Success" success="True" time="0.001" asserts="1">
                                <categories>
                                  <category name="Unit" />
                                </categories>
                              </test-case>
                              <test-case name="Bowerbird.Core.Test.CommandHandlers.ObservationUpdateCommandHandlerTest.ObservationUpdateCommandHandler_Constructor_Passing_Null_UserRepository_Throws_DesignByContractException" executed="True" result="Success" success="True" time="0.002" asserts="1">
                                <categories>
                                  <category name="Unit" />
                                </categories>
                              </test-case>
                              <test-case name="Bowerbird.Core.Test.CommandHandlers.ObservationUpdateCommandHandlerTest.ObservationUpdateCommandHandler_Handle_Calls_MediaResourceRepository_Load" executed="True" result="Success" success="True" time="0.052" asserts="0">
                                <categories>
                                  <category name="Integration" />
                                </categories>
                              </test-case>
                              <test-case name="Bowerbird.Core.Test.CommandHandlers.ObservationUpdateCommandHandlerTest.ObservationUpdateCommandHandler_Handle_Calls_Observation_UpdateDetails" executed="True" result="Success" success="True" time="0.034" asserts="0">
                                <categories>
                                  <category name="Integration" />
                                </categories>
                              </test-case>
                              <test-case name="Bowerbird.Core.Test.CommandHandlers.ObservationUpdateCommandHandlerTest.ObservationUpdateCommandHandler_Handle_Calls_ObservationRepository_Load_And_Add" executed="True" result="Success" success="True" time="0.016" asserts="0">
                                <categories>
                                  <category name="Integration" />
                                </categories>
                              </test-case>
                              <test-case name="Bowerbird.Core.Test.CommandHandlers.ObservationUpdateCommandHandlerTest.ObservationUpdateCommandHandler_Handle_Calls_UserRepository_Load" executed="True" result="Success" success="True" time="0.025" asserts="0">
                                <categories>
                                  <category name="Integration" />
                                </categories>
                              </test-case>
                              <test-case name="Bowerbird.Core.Test.CommandHandlers.ObservationUpdateCommandHandlerTest.ObservationUpdateCommandHandler_Handle_Passing_Null_ObservationUpdateCommand_Throws_DesignByContractException" executed="True" result="Success" success="True" time="0.010" asserts="1">
                                <categories>
                                  <category name="Unit" />
                                </categories>
                              </test-case>
                            </results>
                          </test-suite>
                          <test-suite type="TestFixture" name="UserCreateCommandHandlerTest" executed="True" result="Success" success="True" time="0.679" asserts="0">
                            <results>
                              <test-case name="Bowerbird.Core.Test.CommandHandlers.UserCreateCommandHandlerTest.UserCreateCommandHandler_Constructor_Passing_Null_RoleRepository_Throws_DesignByContractException" executed="True" result="Success" success="True" time="0.011" asserts="1">
                                <categories>
                                  <category name="Unit" />
                                </categories>
                              </test-case>
                              <test-case name="Bowerbird.Core.Test.CommandHandlers.UserCreateCommandHandlerTest.UserCreateCommandHandler_Constructor_Passing_Null_UserRepository_Throws_DesignByContractException" executed="True" result="Success" success="True" time="0.001" asserts="1">
                                <categories>
                                  <category name="Unit" />
                                </categories>
                              </test-case>
                              <test-case name="Bowerbird.Core.Test.CommandHandlers.UserCreateCommandHandlerTest.UserCreateCommandHandler_Handle_Passing_Null_UserCreateCommand_Throws_DesignByContractException" executed="True" result="Success" success="True" time="0.002" asserts="1">
                                <categories>
                                  <category name="Unit" />
                                </categories>
                              </test-case>
                              <test-case name="Bowerbird.Core.Test.CommandHandlers.UserCreateCommandHandlerTest.UserCreateCommandHandler_Handle_Passing_UserCreateCommand_Calls_RoleRepository_Load" executed="True" result="Success" success="True" time="0.043" asserts="0">
                                <categories>
                                  <category name="Integration" />
                                </categories>
                              </test-case>
                              <test-case name="Bowerbird.Core.Test.CommandHandlers.UserCreateCommandHandlerTest.UserCreateCommandHandler_Handle_Passing_UserCreateCommand_Calls_UserRepository_Add" executed="True" result="Success" success="True" time="0.005" asserts="0">
                                <categories>
                                  <category name="Integration" />
                                </categories>
                              </test-case>
                            </results>
                          </test-suite>
                          <test-suite type="TestFixture" name="UserUpdateLastLoginCommandHandlerTest" executed="True" result="Success" success="True" time="0.660" asserts="0">
                            <results>
                              <test-case name="Bowerbird.Core.Test.CommandHandlers.UserUpdateLastLoginCommandHandlerTest.UserUpdateLastLoginCommandHandler_Constructor_Passing_Null_UserRepository_Throws_DesignByContractException" executed="True" result="Success" success="True" time="0.000" asserts="1">
                                <categories>
                                  <category name="Unit" />
                                </categories>
                              </test-case>
                              <test-case name="Bowerbird.Core.Test.CommandHandlers.UserUpdateLastLoginCommandHandlerTest.UserUpdateLastLoginCommandHandler_Handle_Passing_Null_UserUpdateLastLoginCommand_Throws_DesignByContractException" executed="True" result="Success" success="True" time="0.000" asserts="1">
                                <categories>
                                  <category name="Unit" />
                                </categories>
                              </test-case>
                              <test-case name="Bowerbird.Core.Test.CommandHandlers.UserUpdateLastLoginCommandHandlerTest.UserUpdateLastLoginCommandHandler_Handle_Passing_UserUpdateLastLoginCommand_Calls_User_UpdateLastLoggedIn" executed="True" result="Success" success="True" time="0.010" asserts="0">
                                <categories>
                                  <category name="Integration" />
                                </categories>
                              </test-case>
                              <test-case name="Bowerbird.Core.Test.CommandHandlers.UserUpdateLastLoginCommandHandlerTest.UserUpdateLastLoginCommandHandler_Handle_Passing_UserUpdateLastLoginCommand_Calls_UserRepository_Add" executed="True" result="Success" success="True" time="0.010" asserts="0">
                                <categories>
                                  <category name="Integration" />
                                </categories>
                              </test-case>
                              <test-case name="Bowerbird.Core.Test.CommandHandlers.UserUpdateLastLoginCommandHandlerTest.UserUpdateLastLoginCommandHandler_Handle_Passing_UserUpdateLastLoginCommand_Calls_UserRepository_Load" executed="True" result="Success" success="True" time="0.000" asserts="0">
                                <categories>
                                  <category name="Integration" />
                                </categories>
                              </test-case>
                            </results>
                          </test-suite>
                        </results>
                      </test-suite>
                      <test-suite type="TestFixture" name="CommandProcessorTest" executed="True" result="Success" success="True" time="1.636" asserts="0">
                        <results>
                          <test-case name="Bowerbird.Core.Test.CommandProcessorTest.CommandProcessor_Constructor_Passing_Null_ServiceLocator_Throws_DesignByContractException" executed="True" result="Success" success="True" time="0.022" asserts="1">
                            <categories>
                              <category name="Unit" />
                            </categories>
                          </test-case>
                          <test-case name="Bowerbird.Core.Test.CommandProcessorTest.CommandProcessor_Process_Command_Calls_Handler_Handle_For_Each_Handler" executed="True" result="Success" success="True" time="0.133" asserts="0">
                            <categories>
                              <category name="Integration" />
                            </categories>
                          </test-case>
                          <test-case name="Bowerbird.Core.Test.CommandProcessorTest.CommandProcessor_Process_Command_Passing_Null_Command_Throws_DesignByContractException" executed="True" result="Success" success="True" time="0.001" asserts="1">
                            <categories>
                              <category name="Unit" />
                            </categories>
                          </test-case>
                          <test-case name="Bowerbird.Core.Test.CommandProcessorTest.CommandProcessor_Process_Command_Result_Calls_Handler_Handle_For_Each_Handler" executed="True" result="Success" success="True" time="0.068" asserts="2">
                            <categories>
                              <category name="Integration" />
                            </categories>
                          </test-case>
                          <test-case name="Bowerbird.Core.Test.CommandProcessorTest.CommandProcessor_Process_Command_Result_Passing_Null_Command_Throws_DesignByContractException" executed="False" result="Ignored">
                            <categories>
                              <category name="Unit" />
                            </categories>
                            <reason>
                              <message><![CDATA[]]></message>
                            </reason>
                          </test-case>
                          <test-case name="Bowerbird.Core.Test.CommandProcessorTest.CommandProcessor_Process_Command_Result_With_Action_Calls_Handler_Handle_For_Each_Handler" executed="False" result="Ignored">
                            <categories>
                              <category name="Integration" />
                            </categories>
                            <reason>
                              <message><![CDATA[]]></message>
                            </reason>
                          </test-case>
                          <test-case name="Bowerbird.Core.Test.CommandProcessorTest.CommandProcessor_Process_Command_Result_With_Action_Passing_Null_Command_Throws_DesignByContractException" executed="False" result="Ignored">
                            <categories>
                              <category name="Unit" />
                            </categories>
                            <reason>
                              <message><![CDATA[]]></message>
                            </reason>
                          </test-case>
                          <test-case name="Bowerbird.Core.Test.CommandProcessorTest.CommandProcessor_Process_Command_Result_With_Action_With_No_Handlers_Found_Throws_CommandHandlerNotFoundException" executed="False" result="Ignored">
                            <categories>
                              <category name="Unit" />
                            </categories>
                            <reason>
                              <message><![CDATA[]]></message>
                            </reason>
                          </test-case>
                          <test-case name="Bowerbird.Core.Test.CommandProcessorTest.CommandProcessor_Process_Command_Result_With_No_Handlers_Found_Throws_CommandHandlerNotFoundException" executed="False" result="Ignored">
                            <categories>
                              <category name="Unit" />
                            </categories>
                            <reason>
                              <message><![CDATA[]]></message>
                            </reason>
                          </test-case>
                          <test-case name="Bowerbird.Core.Test.CommandProcessorTest.CommandProcessor_Process_Command_With_No_Handlers_Found_Throws_CommandHandlerNotFoundException" executed="True" result="Success" success="True" time="0.003" asserts="1">
                            <categories>
                              <category name="Unit" />
                            </categories>
                          </test-case>
                        </results>
                      </test-suite>
                      <test-suite type="Namespace" name="Commands" executed="True" result="Success" success="True" time="5.398" asserts="0">
                        <results>
                          <test-suite type="TestFixture" name="MediaResourceCreateCommandTest" executed="True" result="Success" success="True" time="0.361" asserts="0">
                            <results>
                              <test-case name="Bowerbird.Core.Test.Commands.MediaResourceCreateCommandTest.MediaResourceCreateCommand_OriginalFileName_Is_TypeOf_String" executed="True" result="Success" success="True" time="0.003" asserts="1">
                                <categories>
                                  <category name="Unit" />
                                </categories>
                              </test-case>
                              <test-case name="Bowerbird.Core.Test.Commands.MediaResourceCreateCommandTest.MediaResourceCreateCommand_Type_Is_TypeOf_String" executed="True" result="Success" success="True" time="0.001" asserts="1">
                                <categories>
                                  <category name="Unit" />
                                </categories>
                              </test-case>
                              <test-case name="Bowerbird.Core.Test.Commands.MediaResourceCreateCommandTest.MediaResourceCreateCommand_ValidationResults_Throws_NotImplementedException" executed="True" result="Success" success="True" time="0.003" asserts="1">
                                <categories>
                                  <category name="Unit" />
                                </categories>
                              </test-case>
                            </results>
                          </test-suite>
                          <test-suite type="TestFixture" name="ObservationCreateCommandTest" executed="True" result="Success" success="True" time="1.433" asserts="0">
                            <results>
                              <test-case name="Bowerbird.Core.Test.Commands.ObservationCreateCommandTest.ObservationCreateCommand_Address_Is_TypeOf_String" executed="True" result="Success" success="True" time="0.003" asserts="1">
                                <categories>
                                  <category name="Unit" />
                                </categories>
                              </test-case>
                              <test-case name="Bowerbird.Core.Test.Commands.ObservationCreateCommandTest.ObservationCreateCommand_Id_Is_TypeOf_String" executed="True" result="Success" success="True" time="0.001" asserts="1">
                                <categories>
                                  <category name="Unit" />
                                </categories>
                              </test-case>
                              <test-case name="Bowerbird.Core.Test.Commands.ObservationCreateCommandTest.ObservationCreateCommand_IsIdentificationRequired_Is_TypeOf_Bool" executed="True" result="Success" success="True" time="0.001" asserts="1">
                                <categories>
                                  <category name="Unit" />
                                </categories>
                              </test-case>
                              <test-case name="Bowerbird.Core.Test.Commands.ObservationCreateCommandTest.ObservationCreateCommand_Latitude_Is_TypeOf_String" executed="True" result="Success" success="True" time="0.000" asserts="1">
                                <categories>
                                  <category name="Unit" />
                                </categories>
                              </test-case>
                              <test-case name="Bowerbird.Core.Test.Commands.ObservationCreateCommandTest.ObservationCreateCommand_Longitude_Is_TypeOf_String" executed="True" result="Success" success="True" time="0.000" asserts="1">
                                <categories>
                                  <category name="Unit" />
                                </categories>
                              </test-case>
                              <test-case name="Bowerbird.Core.Test.Commands.ObservationCreateCommandTest.ObservationCreateCommand_MediaResources_Is_TypeOf_ListOfStrings" executed="True" result="Success" success="True" time="0.000" asserts="1">
                                <categories>
                                  <category name="Unit" />
                                </categories>
                              </test-case>
                              <test-case name="Bowerbird.Core.Test.Commands.ObservationCreateCommandTest.ObservationCreateCommand_ObservationCategory_Is_TypeOf_String" executed="True" result="Success" success="True" time="0.000" asserts="1">
                                <categories>
                                  <category name="Unit" />
                                </categories>
                              </test-case>
                              <test-case name="Bowerbird.Core.Test.Commands.ObservationCreateCommandTest.ObservationCreateCommand_ObservedOn_Is_TypeOf_DateTime" executed="True" result="Success" success="True" time="0.000" asserts="1">
                                <categories>
                                  <category name="Unit" />
                                </categories>
                              </test-case>
                              <test-case name="Bowerbird.Core.Test.Commands.ObservationCreateCommandTest.ObservationCreateCommand_Title_Is_TypeOf_String" executed="True" result="Success" success="True" time="0.010" asserts="1">
                                <categories>
                                  <category name="Unit" />
                                </categories>
                              </test-case>
                              <test-case name="Bowerbird.Core.Test.Commands.ObservationCreateCommandTest.ObservationCreateCommand_Username_Is_TypeOf_String" executed="True" result="Success" success="True" time="0.000" asserts="1">
                                <categories>
                                  <category name="Unit" />
                                </categories>
                              </test-case>
                              <test-case name="Bowerbird.Core.Test.Commands.ObservationCreateCommandTest.ObservationCreateCommand_ValidationResults_Throws_NotImplementedException" executed="True" result="Success" success="True" time="0.001" asserts="1">
                                <categories>
                                  <category name="Unit" />
                                </categories>
                              </test-case>
                            </results>
                          </test-suite>
                          <test-suite type="TestFixture" name="ObservationUpdateCommandTest" executed="True" result="Success" success="True" time="1.457" asserts="0">
                            <results>
                              <test-case name="Bowerbird.Core.Test.Commands.ObservationUpdateCommandTest.ObservationUpdateCommand_Address_Is_TypeOf_String" executed="True" result="Success" success="True" time="0.002" asserts="1">
                                <categories>
                                  <category name="Unit" />
                                </categories>
                              </test-case>
                              <test-case name="Bowerbird.Core.Test.Commands.ObservationUpdateCommandTest.ObservationUpdateCommand_Id_Is_TypeOf_String" executed="True" result="Success" success="True" time="0.000" asserts="1">
                                <categories>
                                  <category name="Unit" />
                                </categories>
                              </test-case>
                              <test-case name="Bowerbird.Core.Test.Commands.ObservationUpdateCommandTest.ObservationUpdateCommand_IsIdentificationRequired_Is_TypeOf_Bool" executed="True" result="Success" success="True" time="0.000" asserts="1">
                                <categories>
                                  <category name="Unit" />
                                </categories>
                              </test-case>
                              <test-case name="Bowerbird.Core.Test.Commands.ObservationUpdateCommandTest.ObservationUpdateCommand_Latitude_Is_TypeOf_String" executed="True" result="Success" success="True" time="0.001" asserts="1">
                                <categories>
                                  <category name="Unit" />
                                </categories>
                              </test-case>
                              <test-case name="Bowerbird.Core.Test.Commands.ObservationUpdateCommandTest.ObservationUpdateCommand_Longitude_Is_TypeOf_String" executed="True" result="Success" success="True" time="0.001" asserts="1">
                                <categories>
                                  <category name="Unit" />
                                </categories>
                              </test-case>
                              <test-case name="Bowerbird.Core.Test.Commands.ObservationUpdateCommandTest.ObservationUpdateCommand_MediaResources_Is_TypeOf_ListOfStrings" executed="True" result="Success" success="True" time="0.001" asserts="1">
                                <categories>
                                  <category name="Unit" />
                                </categories>
                              </test-case>
                              <test-case name="Bowerbird.Core.Test.Commands.ObservationUpdateCommandTest.ObservationUpdateCommand_ObservationCategory_Is_TypeOf_String" executed="True" result="Success" success="True" time="0.000" asserts="1">
                                <categories>
                                  <category name="Unit" />
                                </categories>
                              </test-case>
                              <test-case name="Bowerbird.Core.Test.Commands.ObservationUpdateCommandTest.ObservationUpdateCommand_ObservedOn_Is_TypeOf_DateTime" executed="True" result="Success" success="True" time="0.001" asserts="1">
                                <categories>
                                  <category name="Unit" />
                                </categories>
                              </test-case>
                              <test-case name="Bowerbird.Core.Test.Commands.ObservationUpdateCommandTest.ObservationUpdateCommand_Title_Is_TypeOf_String" executed="True" result="Success" success="True" time="0.001" asserts="1">
                                <categories>
                                  <category name="Unit" />
                                </categories>
                              </test-case>
                              <test-case name="Bowerbird.Core.Test.Commands.ObservationUpdateCommandTest.ObservationUpdateCommand_Username_Is_TypeOf_String" executed="True" result="Success" success="True" time="0.001" asserts="1">
                                <categories>
                                  <category name="Unit" />
                                </categories>
                              </test-case>
                              <test-case name="Bowerbird.Core.Test.Commands.ObservationUpdateCommandTest.ObservationUpdateCommand_ValidationResults_Throws_NotImplementedException" executed="True" result="Success" success="True" time="0.003" asserts="1">
                                <categories>
                                  <category name="Unit" />
                                </categories>
                              </test-case>
                            </results>
                          </test-suite>
                          <test-suite type="TestFixture" name="UserCreateCommandTest" executed="True" result="Success" success="True" time="1.014" asserts="0">
                            <results>
                              <test-case name="Bowerbird.Core.Test.Commands.UserCreateCommandTest.UserCreateCommand_Description_Is_TypeOf_String" executed="True" result="Success" success="True" time="0.001" asserts="1">
                                <categories>
                                  <category name="Unit" />
                                </categories>
                              </test-case>
                              <test-case name="Bowerbird.Core.Test.Commands.UserCreateCommandTest.UserCreateCommand_Email_Is_TypeOf_String" executed="True" result="Success" success="True" time="0.001" asserts="1">
                                <categories>
                                  <category name="Unit" />
                                </categories>
                              </test-case>
                              <test-case name="Bowerbird.Core.Test.Commands.UserCreateCommandTest.UserCreateCommand_FirstName_Is_TypeOf_String" executed="True" result="Success" success="True" time="0.000" asserts="1">
                                <categories>
                                  <category name="Unit" />
                                </categories>
                              </test-case>
                              <test-case name="Bowerbird.Core.Test.Commands.UserCreateCommandTest.UserCreateCommand_LastName_Is_TypeOf_String" executed="True" result="Success" success="True" time="0.001" asserts="1">
                                <categories>
                                  <category name="Unit" />
                                </categories>
                              </test-case>
                              <test-case name="Bowerbird.Core.Test.Commands.UserCreateCommandTest.UserCreateCommand_Password_Is_TypeOf_String" executed="True" result="Success" success="True" time="0.001" asserts="1">
                                <categories>
                                  <category name="Unit" />
                                </categories>
                              </test-case>
                              <test-case name="Bowerbird.Core.Test.Commands.UserCreateCommandTest.UserCreateCommand_Roles_Is_TypeOf_List_String" executed="True" result="Success" success="True" time="0.001" asserts="1">
                                <categories>
                                  <category name="Unit" />
                                </categories>
                              </test-case>
                              <test-case name="Bowerbird.Core.Test.Commands.UserCreateCommandTest.UserCreateCommand_Username_Is_TypeOf_String" executed="True" result="Success" success="True" time="0.000" asserts="1">
                                <categories>
                                  <category name="Unit" />
                                </categories>
                              </test-case>
                              <test-case name="Bowerbird.Core.Test.Commands.UserCreateCommandTest.UserCreateCommand_ValidationResults_Throws_NotImplementedException" executed="True" result="Success" success="True" time="0.001" asserts="1">
                                <categories>
                                  <category name="Unit" />
                                </categories>
                              </test-case>
                            </results>
                          </test-suite>
                          <test-suite type="TestFixture" name="UserUpdateLastLoginCommandTest" executed="True" result="Success" success="True" time="0.213" asserts="0">
                            <results>
                              <test-case name="Bowerbird.Core.Test.Commands.UserUpdateLastLoginCommandTest.UserUpdateLastLoginCommand_UserId_Is_TypeOf_String" executed="True" result="Success" success="True" time="0.001" asserts="1">
                                <categories>
                                  <category name="Unit" />
                                </categories>
                              </test-case>
                              <test-case name="Bowerbird.Core.Test.Commands.UserUpdateLastLoginCommandTest.UserUpdateLastLoginCommand_ValidationResults_Throws_NotImplementedException" executed="True" result="Success" success="True" time="0.001" asserts="1">
                                <categories>
                                  <category name="Unit" />
                                </categories>
                              </test-case>
                            </results>
                          </test-suite>
                        </results>
                      </test-suite>
                      <test-suite type="Namespace" name="DesignByContract" executed="True" result="Success" success="True" time="1.600" asserts="0">
                        <results>
                          <test-suite type="TestFixture" name="CheckTest" executed="True" result="Success" success="True" time="1.536" asserts="0">
                            <results>
                              <test-case name="Bowerbird.Core.Test.DesignByContract.CheckTest.Check_RequireGreaterThanZero_Passing_LessThan_Zero_Throws_DesignByContractException" executed="True" result="Success" success="True" time="0.002" asserts="1">
                                <categories>
                                  <category name="Unit" />
                                </categories>
                              </test-case>
                              <test-case name="Bowerbird.Core.Test.DesignByContract.CheckTest.Check_RequireGreaterThanZero_Passing_One_DoesNotThrow_DesignByContractException" executed="True" result="Success" success="True" time="0.002" asserts="1">
                                <categories>
                                  <category name="Unit" />
                                </categories>
                              </test-case>
                              <test-case name="Bowerbird.Core.Test.DesignByContract.CheckTest.Check_RequireGreaterThanZero_Passing_Zero_Throws_DesignByContractException" executed="True" result="Success" success="True" time="0.000" asserts="1">
                                <categories>
                                  <category name="Unit" />
                                </categories>
                              </test-case>
                              <test-case name="Bowerbird.Core.Test.DesignByContract.CheckTest.Check_RequireNotNullOrWhiteSpace_Passing_EmptyString_Throws_DesignByContractException" executed="True" result="Success" success="True" time="0.001" asserts="1">
                                <categories>
                                  <category name="Unit" />
                                </categories>
                              </test-case>
                              <test-case name="Bowerbird.Core.Test.DesignByContract.CheckTest.Check_RequireNotNullOrWhiteSpace_Passing_NullString_Throws_DesignByContractException" executed="True" result="Success" success="True" time="0.001" asserts="1">
                                <categories>
                                  <category name="Unit" />
                                </categories>
                              </test-case>
                              <test-case name="Bowerbird.Core.Test.DesignByContract.CheckTest.Check_RequireNotNullOrWhiteSpace_Passing_TestString_Does_Not_Throw_DesignByContractException" executed="True" result="Success" success="True" time="0.000" asserts="1">
                                <categories>
                                  <category name="Unit" />
                                </categories>
                              </test-case>
                              <test-case name="Bowerbird.Core.Test.DesignByContract.CheckTest.Check_RequireNotNullOrWhiteSpace_Passing_WhitespaceString_Throws_DesignByContractException" executed="True" result="Success" success="True" time="0.001" asserts="1">
                                <categories>
                                  <category name="Unit" />
                                </categories>
                              </test-case>
                              <test-case name="Bowerbird.Core.Test.DesignByContract.CheckTest.Check_RequireValidEmail_Passing_A_ValidEmail_Does_Not_Throw_DesignByContractException" executed="True" result="Success" success="True" time="0.260" asserts="1">
                                <categories>
                                  <category name="Unit" />
                                </categories>
                              </test-case>
                              <test-case name="Bowerbird.Core.Test.DesignByContract.CheckTest.Check_RequireValidEmail_Passing_An_Empty_String_Throws_DesignByContractException" executed="True" result="Success" success="True" time="0.000" asserts="1">
                                <categories>
                                  <category name="Unit" />
                                </categories>
                              </test-case>
                              <test-case name="Bowerbird.Core.Test.DesignByContract.CheckTest.Check_RequireValidEmail_Passing_An_InValid_Email_Throws_DesignByContractException" executed="True" result="Success" success="True" time="0.000" asserts="1">
                                <categories>
                                  <category name="Unit" />
                                </categories>
                              </test-case>
                            </results>
                          </test-suite>
                        </results>
                      </test-suite>
                      <test-suite type="Namespace" name="Entities" executed="True" result="Success" success="True" time="39.707" asserts="0">
                        <results>
                          <test-suite type="TestFixture" name="ActivityTest" executed="True" result="Success" success="True" time="1.011" asserts="0">
                            <results>
                              <test-case name="Bowerbird.Core.Test.Entities.ActivityTest.Activity_Constructor_Passing_Empty_Type_Throws_DesignByContractException" executed="True" result="Success" success="True" time="0.005" asserts="1">
                                <categories>
                                  <category name="Unit" />
                                </categories>
                              </test-case>
                              <test-case name="Bowerbird.Core.Test.Entities.ActivityTest.Activity_Constructor_Passing_Null_Object_Throws_DesignByContractException" executed="True" result="Success" success="True" time="0.001" asserts="1">
                                <categories>
                                  <category name="Unit" />
                                </categories>
                              </test-case>
                              <test-case name="Bowerbird.Core.Test.Entities.ActivityTest.Activity_Constructor_Passing_Null_User_Throws_DesignByContractException" executed="True" result="Success" success="True" time="0.001" asserts="1">
                                <categories>
                                  <category name="Unit" />
                                </categories>
                              </test-case>
                              <test-case name="Bowerbird.Core.Test.Entities.ActivityTest.Activity_Constructor_Sets_Property_Values" executed="True" result="Success" success="True" time="0.004" asserts="4">
                                <categories>
                                  <category name="Unit" />
                                </categories>
                              </test-case>
                              <test-case name="Bowerbird.Core.Test.Entities.ActivityTest.Activity_Data_Is_OfType_Object" executed="True" result="Success" success="True" time="0.000" asserts="1">
                                <categories>
                                  <category name="Unit" />
                                </categories>
                              </test-case>
                              <test-case name="Bowerbird.Core.Test.Entities.ActivityTest.Activity_OccurredOn_Is_OfType_DateTime" executed="True" result="Success" success="True" time="0.000" asserts="1">
                                <categories>
                                  <category name="Unit" />
                                </categories>
                              </test-case>
                              <test-case name="Bowerbird.Core.Test.Entities.ActivityTest.Activity_Type_Is_OfType_String" executed="True" result="Success" success="True" time="0.000" asserts="1">
                                <categories>
                                  <category name="Unit" />
                                </categories>
                              </test-case>
                              <test-case name="Bowerbird.Core.Test.Entities.ActivityTest.Activity_User_Is_OfType_User" executed="True" result="Success" success="True" time="0.000" asserts="1">
                                <categories>
                                  <category name="Unit" />
                                </categories>
                              </test-case>
                            </results>
                          </test-suite>
                          <test-suite type="TestFixture" name="CommentTest" executed="True" result="Success" success="True" time="0.890" asserts="0">
                            <results>
                              <test-case name="Bowerbird.Core.Test.Entities.CommentTest.Comment_Constructor_Passing_Empty_Message_Throws_DesignByContractException" executed="True" result="Success" success="True" time="0.002" asserts="1">
                                <categories>
                                  <category name="Unit" />
                                </categories>
                              </test-case>
                              <test-case name="Bowerbird.Core.Test.Entities.CommentTest.Comment_Constructor_Passing_Empty_User_Throws_DesignByContractException" executed="True" result="Success" success="True" time="0.001" asserts="1">
                                <categories>
                                  <category name="Unit" />
                                </categories>
                              </test-case>
                              <test-case name="Bowerbird.Core.Test.Entities.CommentTest.Comment_Constructor_Sets_Property_Values" executed="True" result="Success" success="True" time="0.004" asserts="7">
                                <categories>
                                  <category name="Unit" />
                                </categories>
                              </test-case>
                              <test-case name="Bowerbird.Core.Test.Entities.CommentTest.Comment_EditedOnOn_Is_OfType_DateTime" executed="True" result="Success" success="True" time="0.001" asserts="1">
                                <categories>
                                  <category name="Unit" />
                                </categories>
                              </test-case>
                              <test-case name="Bowerbird.Core.Test.Entities.CommentTest.Comment_Message_Is_OfType_String" executed="True" result="Success" success="True" time="0.001" asserts="1">
                                <categories>
                                  <category name="Unit" />
                                </categories>
                              </test-case>
                              <test-case name="Bowerbird.Core.Test.Entities.CommentTest.Comment_SubmittedOn_Is_OfType_DateTime" executed="True" result="Success" success="True" time="0.001" asserts="1">
                                <categories>
                                  <category name="Unit" />
                                </categories>
                              </test-case>
                              <test-case name="Bowerbird.Core.Test.Entities.CommentTest.Comment_User_Is_OfType_DenormalisedUserReference" executed="True" result="Success" success="True" time="0.001" asserts="1">
                                <categories>
                                  <category name="Unit" />
                                </categories>
                              </test-case>
                            </results>
                          </test-suite>
                          <test-suite type="Namespace" name="DenormalisedReferences" executed="True" result="Success" success="True" time="2.938" asserts="0">
                            <results>
                              <test-suite type="TestFixture" name="DenormalisedMemberReferenceTest" executed="True" result="Success" success="True" time="0.453" asserts="0">
                                <results>
                                  <test-case name="Bowerbird.Core.Test.Entities.DenormalisedReferences.DenormalisedMemberReferenceTest.DenormalisedMemberReference_Implicit_Operator_Passing_GlobalMember_Returns_DenormalisedUserReference_With_Populated_Global_Properties" executed="True" result="Success" success="True" time="0.010" asserts="3">
                                    <categories>
                                      <category name="Unit" />
                                    </categories>
                                  </test-case>
                                  <test-case name="Bowerbird.Core.Test.Entities.DenormalisedReferences.DenormalisedMemberReferenceTest.DenormalisedMemberReference_Implicit_Operator_Passing_ProjectMember_Returns_DenormalisedUserReference_With_Populated_Project_Properties" executed="True" result="Success" success="True" time="0.010" asserts="3">
                                    <categories>
                                      <category name="Unit" />
                                    </categories>
                                  </test-case>
                                  <test-case name="Bowerbird.Core.Test.Entities.DenormalisedReferences.DenormalisedMemberReferenceTest.DenormalisedMemberReference_Implicit_Operator_Passing_TeamMember_Returns_DenormalisedUserReference_With_Populated_Team_Properties" executed="True" result="Success" success="True" time="0.000" asserts="3">
                                    <categories>
                                      <category name="Unit" />
                                    </categories>
                                  </test-case>
                                  <test-case name="Bowerbird.Core.Test.Entities.DenormalisedReferences.DenormalisedMemberReferenceTest.DenormalisedUserReference_Implicit_Operator_Passing_Null_User_Throws_DesignByContractException" executed="True" result="Success" success="True" time="0.001" asserts="1">
                                    <categories>
                                      <category name="Unit" />
                                    </categories>
                                  </test-case>
                                </results>
                              </test-suite>
                              <test-suite type="TestFixture" name="DenormalisedNamedEntityReferenceTest" executed="True" result="Success" success="True" time="0.719" asserts="0">
                                <results>
                                  <test-case name="Bowerbird.Core.Test.Entities.DenormalisedReferences.DenormalisedNamedEntityReferenceTest.DenormalisedNamedEntityReference_Implicit_Operator_Passing_Null_Throws_DesignByContractException" executed="True" result="Success" success="True" time="0.001" asserts="1">
                                    <categories>
                                      <category name="Unit" />
                                    </categories>
                                  </test-case>
                                  <test-case name="Bowerbird.Core.Test.Entities.DenormalisedReferences.DenormalisedNamedEntityReferenceTest.DenormalisedNamedEntityReference_Implicit_Operator_Passing_Project_Returns_DenormalisedObservationReference_With_Populated_Properties" executed="True" result="Success" success="True" time="0.001" asserts="2">
                                    <categories>
                                      <category name="Unit" />
                                    </categories>
                                  </test-case>
                                  <test-case name="Bowerbird.Core.Test.Entities.DenormalisedReferences.DenormalisedNamedEntityReferenceTest.DenormalisedNamedEntityReference_Implicit_Operator_Passing_Team_Returns_DenormalisedObservationReference_With_Populated_Properties" executed="True" result="Success" success="True" time="0.001" asserts="2">
                                    <categories>
                                      <category name="Unit" />
                                    </categories>
                                  </test-case>
                                </results>
                              </test-suite>
                              <test-suite type="TestFixture" name="DenormalisedObservationReferenceTest" executed="True" result="Success" success="True" time="0.228" asserts="0">
                                <results>
                                  <test-case name="Bowerbird.Core.Test.Entities.DenormalisedReferences.DenormalisedObservationReferenceTest.DenormalisedObservationReference_Implicit_Operator_Passing_Null_Observation_Throws_DesignByContractException" executed="True" result="Success" success="True" time="0.002" asserts="1">
                                    <categories>
                                      <category name="Unit" />
                                    </categories>
                                  </test-case>
                                  <test-case name="Bowerbird.Core.Test.Entities.DenormalisedReferences.DenormalisedObservationReferenceTest.DenormalisedObservationReference_Implicit_Operator_Passing_Observation_Returns_DenormalisedObservationReference_With_Populated_Properties" executed="True" result="Success" success="True" time="0.002" asserts="2">
                                    <categories>
                                      <category name="Unit" />
                                    </categories>
                                  </test-case>
                                </results>
                              </test-suite>
                              <test-suite type="TestFixture" name="DenormalisedUserReferenceTest" executed="True" result="Success" success="True" time="0.725" asserts="0">
                                <results>
                                  <test-case name="Bowerbird.Core.Test.Entities.DenormalisedReferences.DenormalisedUserReferenceTest.DenormalisedUserReference_Implicit_Operator_Passing_Null_User_Throws_DesignByContractException" executed="True" result="Success" success="True" time="0.001" asserts="1">
                                    <categories>
                                      <category name="Unit" />
                                    </categories>
                                  </test-case>
                                  <test-case name="Bowerbird.Core.Test.Entities.DenormalisedReferences.DenormalisedUserReferenceTest.DenormalisedUserReference_Implicit_Operator_Passing_User_Returns_DenormalisedUserReference_With_Populated_Properties" executed="True" result="Success" success="True" time="0.001" asserts="4">
                                    <categories>
                                      <category name="Unit" />
                                    </categories>
                                  </test-case>
                                </results>
                              </test-suite>
                            </results>
                          </test-suite>
                          <test-suite type="TestFixture" name="GlobalMemberTest" executed="True" result="Success" success="True" time="0.073" asserts="0">
                            <results>
                              <test-case name="Bowerbird.Core.Test.Entities.GlobalMemberTest.GlobalMember_Constructor_Sets_Property_Values" executed="True" result="Success" success="True" time="0.005" asserts="6">
                                <categories>
                                  <category name="Unit" />
                                </categories>
                              </test-case>
                            </results>
                          </test-suite>
                          <test-suite type="Namespace" name="MediaResources" executed="True" result="Success" success="True" time="2.365" asserts="0">
                            <results>
                              <test-suite type="TestFixture" name="ImageMediaResourceTest" executed="True" result="Success" success="True" time="1.948" asserts="0">
                                <results>
                                  <test-case name="Bowerbird.Core.Test.Entities.MediaResources.ImageMediaResourceTest.ImageMediaResource_Constructor_Passing_Height_NotGreaterThanZero_Throws_DesignByContractException" executed="True" result="Success" success="True" time="0.002" asserts="1">
                                    <categories>
                                      <category name="Unit" />
                                    </categories>
                                  </test-case>
                                  <test-case name="Bowerbird.Core.Test.Entities.MediaResources.ImageMediaResourceTest.ImageMediaResource_Constructor_Passing_Width_NotGreaterThanZero_Throws_DesignByContractException" executed="True" result="Success" success="True" time="0.001" asserts="1">
                                    <categories>
                                      <category name="Unit" />
                                    </categories>
                                  </test-case>
                                  <test-case name="Bowerbird.Core.Test.Entities.MediaResources.ImageMediaResourceTest.ImageMediaResource_Constructor_Populates_Property_Values" executed="True" result="Success" success="True" time="0.002" asserts="5">
                                    <categories>
                                      <category name="Unit" />
                                    </categories>
                                  </test-case>
                                  <test-case name="Bowerbird.Core.Test.Entities.MediaResources.ImageMediaResourceTest.ImageMediaResource_Height_Is_TypeOf_Int" executed="True" result="Success" success="True" time="0.001" asserts="1">
                                    <categories>
                                      <category name="Unit" />
                                    </categories>
                                  </test-case>
                                  <test-case name="Bowerbird.Core.Test.Entities.MediaResources.ImageMediaResourceTest.ImageMediaResource_Width_Is_TypeOf_Int" executed="True" result="Success" success="True" time="0.001" asserts="1">
                                    <categories>
                                      <category name="Unit" />
                                    </categories>
                                  </test-case>
                                </results>
                              </test-suite>
                              <test-suite type="TestFixture" name="OtherMediaResourceTest" executed="True" result="Inconclusive" success="False" time="0.001" asserts="0" />
                            </results>
                          </test-suite>
                          <test-suite type="TestFixture" name="MediaResourceTest" executed="True" result="Success" success="True" time="1.019" asserts="0">
                            <results>
                              <test-case name="Bowerbird.Core.Test.Entities.MediaResourceTest.MediaResource_Constructor_Passing_Empty_Description_DoesNot_Throw_DesignByContractException" executed="True" result="Success" success="True" time="0.002" asserts="1">
                                <categories>
                                  <category name="Unit" />
                                </categories>
                              </test-case>
                              <test-case name="Bowerbird.Core.Test.Entities.MediaResourceTest.MediaResource_Constructor_Passing_Empty_FileFormat_Throws_DesignByContractException" executed="True" result="Success" success="True" time="0.001" asserts="1">
                                <categories>
                                  <category name="Unit" />
                                </categories>
                              </test-case>
                              <test-case name="Bowerbird.Core.Test.Entities.MediaResourceTest.MediaResource_Constructor_Passing_Empty_FileName_Throws_DesignByContractException" executed="True" result="Success" success="True" time="0.001" asserts="1">
                                <categories>
                                  <category name="Unit" />
                                </categories>
                              </test-case>
                              <test-case name="Bowerbird.Core.Test.Entities.MediaResourceTest.MediaResource_Constructor_Populates_Property_Values" executed="True" result="Success" success="True" time="0.000" asserts="3">
                                <categories>
                                  <category name="Unit" />
                                </categories>
                              </test-case>
                              <test-case name="Bowerbird.Core.Test.Entities.MediaResourceTest.MediaResource_Description_Is_TypeOf_String" executed="True" result="Success" success="True" time="0.000" asserts="1">
                                <categories>
                                  <category name="Unit" />
                                </categories>
                              </test-case>
                              <test-case name="Bowerbird.Core.Test.Entities.MediaResourceTest.MediaResource_FileFormat_Is_TypeOf_String" executed="True" result="Success" success="True" time="0.000" asserts="1">
                                <categories>
                                  <category name="Unit" />
                                </categories>
                              </test-case>
                              <test-case name="Bowerbird.Core.Test.Entities.MediaResourceTest.MediaResource_OriginalFileName_Is_TypeOf_String" executed="True" result="Success" success="True" time="0.001" asserts="1">
                                <categories>
                                  <category name="Unit" />
                                </categories>
                              </test-case>
                            </results>
                          </test-suite>
                          <test-suite type="TestFixture" name="MemberTest" executed="True" result="Success" success="True" time="1.024" asserts="0">
                            <results>
                              <test-case name="Bowerbird.Core.Test.Entities.MemberTest.Member_AddRole_Adds_Role_To_Member" executed="True" result="Success" success="True" time="0.004" asserts="3">
                                <categories>
                                  <category name="Unit" />
                                </categories>
                              </test-case>
                              <test-case name="Bowerbird.Core.Test.Entities.MemberTest.Member_Constructor_ByProxy_Passing_Null_Roles_Throws_DesignByContractException" executed="True" result="Success" success="True" time="0.001" asserts="1">
                                <categories>
                                  <category name="Unit" />
                                </categories>
                              </test-case>
                              <test-case name="Bowerbird.Core.Test.Entities.MemberTest.Member_Constructor_ByProxy_Passing_Null_User_Throws_DesignByContractException" executed="True" result="Success" success="True" time="0.001" asserts="1">
                                <categories>
                                  <category name="Unit" />
                                </categories>
                              </test-case>
                              <test-case name="Bowerbird.Core.Test.Entities.MemberTest.Member_Constructor_ByProxy_Sets_Property_Values" executed="True" result="Success" success="True" time="0.003" asserts="6">
                                <categories>
                                  <category name="Unit" />
                                </categories>
                              </test-case>
                              <test-case name="Bowerbird.Core.Test.Entities.MemberTest.Member_RemoveRole_Removes_Role_From_Member" executed="True" result="Success" success="True" time="0.003" asserts="2">
                                <categories>
                                  <category name="Unit" />
                                </categories>
                              </test-case>
                              <test-case name="Bowerbird.Core.Test.Entities.MemberTest.Member_Roles_Is_TypeOf_DenormalisedNamedEntityReference_Role_List" executed="True" result="Success" success="True" time="0.001" asserts="1">
                                <categories>
                                  <category name="Unit" />
                                </categories>
                              </test-case>
                              <test-case name="Bowerbird.Core.Test.Entities.MemberTest.Member_User_Is_TypeOf_DenormalisedUserReference" executed="True" result="Success" success="True" time="0.001" asserts="1">
                                <categories>
                                  <category name="Unit" />
                                </categories>
                              </test-case>
                            </results>
                          </test-suite>
                          <test-suite type="TestFixture" name="ObservationNoteTest" executed="True" result="Success" success="True" time="2.564" asserts="0">
                            <results>
                              <test-case name="Bowerbird.Core.Test.Entities.ObservationNoteTest.ObservationNote_CommonName_Is_OfType_String" executed="True" result="Success" success="True" time="0.014" asserts="1">
                                <categories>
                                  <category name="Unit" />
                                </categories>
                              </test-case>
                              <test-case name="Bowerbird.Core.Test.Entities.ObservationNoteTest.ObservationNote_Constructor_Passing_Null_Descriptions_Throws_DesignByContractException" executed="True" result="Success" success="True" time="0.001" asserts="1">
                                <categories>
                                  <category name="Unit" />
                                </categories>
                              </test-case>
                              <test-case name="Bowerbird.Core.Test.Entities.ObservationNoteTest.ObservationNote_Constructor_Passing_Null_Observation_Throws_DesignByContractException" executed="True" result="Success" success="True" time="0.001" asserts="1">
                                <categories>
                                  <category name="Unit" />
                                </categories>
                              </test-case>
                              <test-case name="Bowerbird.Core.Test.Entities.ObservationNoteTest.ObservationNote_Constructor_Passing_Null_References_Throws_DesignByContractException" executed="True" result="Success" success="True" time="0.001" asserts="1">
                                <categories>
                                  <category name="Unit" />
                                </categories>
                              </test-case>
                              <test-case name="Bowerbird.Core.Test.Entities.ObservationNoteTest.ObservationNote_Constructor_Passing_Null_User_Throws_DesignByContractException" executed="True" result="Success" success="True" time="0.001" asserts="1">
                                <categories>
                                  <category name="Unit" />
                                </categories>
                              </test-case>
                              <test-case name="Bowerbird.Core.Test.Entities.ObservationNoteTest.ObservationNote_Constructor_Sets_Property_Values" executed="True" result="Success" success="True" time="0.012" asserts="13">
                                <categories>
                                  <category name="Unit" />
                                </categories>
                              </test-case>
                              <test-case name="Bowerbird.Core.Test.Entities.ObservationNoteTest.ObservationNote_Descriptions_Is_OfType_Dictionary_Of_String_String" executed="True" result="Success" success="True" time="0.000" asserts="1">
                                <categories>
                                  <category name="Unit" />
                                </categories>
                              </test-case>
                              <test-case name="Bowerbird.Core.Test.Entities.ObservationNoteTest.ObservationNote_Notes_Is_OfType_String" executed="True" result="Success" success="True" time="0.000" asserts="1">
                                <categories>
                                  <category name="Unit" />
                                </categories>
                              </test-case>
                              <test-case name="Bowerbird.Core.Test.Entities.ObservationNoteTest.ObservationNote_Observation_Is_OfType_DenormalisedObservationReference" executed="True" result="Success" success="True" time="0.000" asserts="1">
                                <categories>
                                  <category name="Unit" />
                                </categories>
                              </test-case>
                              <test-case name="Bowerbird.Core.Test.Entities.ObservationNoteTest.ObservationNote_References_Is_OfType_Dictionary_Of_String_String" executed="True" result="Success" success="True" time="0.000" asserts="1">
                                <categories>
                                  <category name="Unit" />
                                </categories>
                              </test-case>
                              <test-case name="Bowerbird.Core.Test.Entities.ObservationNoteTest.ObservationNote_ScientificName_Is_OfType_String" executed="True" result="Success" success="True" time="0.000" asserts="1">
                                <categories>
                                  <category name="Unit" />
                                </categories>
                              </test-case>
                              <test-case name="Bowerbird.Core.Test.Entities.ObservationNoteTest.ObservationNote_SubmittedOn_Is_OfType_DateTime" executed="True" result="Success" success="True" time="0.001" asserts="1">
                                <categories>
                                  <category name="Unit" />
                                </categories>
                              </test-case>
                              <test-case name="Bowerbird.Core.Test.Entities.ObservationNoteTest.ObservationNote_Tags_Is_OfType_String" executed="True" result="Success" success="True" time="0.001" asserts="1">
                                <categories>
                                  <category name="Unit" />
                                </categories>
                              </test-case>
                              <test-case name="Bowerbird.Core.Test.Entities.ObservationNoteTest.ObservationNote_Taxonomy_Is_OfType_String" executed="True" result="Success" success="True" time="0.001" asserts="1">
                                <categories>
                                  <category name="Unit" />
                                </categories>
                              </test-case>
                              <test-case name="Bowerbird.Core.Test.Entities.ObservationNoteTest.ObservationNote_UpdateDetails_Passing_Null_Descriptions_Throws_DesignByContractException" executed="True" result="Success" success="True" time="0.002" asserts="1">
                                <categories>
                                  <category name="Unit" />
                                </categories>
                              </test-case>
                              <test-case name="Bowerbird.Core.Test.Entities.ObservationNoteTest.ObservationNote_UpdateDetails_Passing_Null_References_Throws_DesignByContractException" executed="True" result="Success" success="True" time="0.002" asserts="1">
                                <categories>
                                  <category name="Unit" />
                                </categories>
                              </test-case>
                              <test-case name="Bowerbird.Core.Test.Entities.ObservationNoteTest.ObservationNote_UpdateDetails_Passing_Null_User_Throws_DesignByContractException" executed="True" result="Success" success="True" time="0.001" asserts="1">
                                <categories>
                                  <category name="Unit" />
                                </categories>
                              </test-case>
                              <test-case name="Bowerbird.Core.Test.Entities.ObservationNoteTest.ObservationNote_UpdateDetails_Updates_Property_Values" executed="True" result="Success" success="True" time="0.003" asserts="7">
                                <categories>
                                  <category name="Unit" />
                                </categories>
                              </test-case>
                              <test-case name="Bowerbird.Core.Test.Entities.ObservationNoteTest.ObservationNote_User_Is_OfType_DenormalisedUserReference" executed="True" result="Success" success="True" time="0.001" asserts="1">
                                <categories>
                                  <category name="Unit" />
                                </categories>
                              </test-case>
                            </results>
                          </test-suite>
                          <test-suite type="TestFixture" name="OrganisationTest" executed="True" result="Success" success="True" time="1.130" asserts="0">
                            <results>
                              <test-case name="Bowerbird.Core.Test.Entities.OrganisationTest.ObservationNote_Description_Is_OfType_String" executed="True" result="Success" success="True" time="0.003" asserts="1">
                                <categories>
                                  <category name="Unit" />
                                </categories>
                              </test-case>
                              <test-case name="Bowerbird.Core.Test.Entities.OrganisationTest.ObservationNote_Name_Is_OfType_String" executed="True" result="Success" success="True" time="0.000" asserts="1">
                                <categories>
                                  <category name="Unit" />
                                </categories>
                              </test-case>
                              <test-case name="Bowerbird.Core.Test.Entities.OrganisationTest.ObservationNote_UpdateDetails_Updates_Property_Values" executed="True" result="Success" success="True" time="0.002" asserts="3">
                                <categories>
                                  <category name="Unit" />
                                </categories>
                              </test-case>
                              <test-case name="Bowerbird.Core.Test.Entities.OrganisationTest.ObservationNote_Website_Is_OfType_String" executed="True" result="Success" success="True" time="0.000" asserts="1">
                                <categories>
                                  <category name="Unit" />
                                </categories>
                              </test-case>
                              <test-case name="Bowerbird.Core.Test.Entities.OrganisationTest.Organisation_Constructor_Passing_Empty_Description_Throws_DesignByContractException" executed="True" result="Success" success="True" time="0.002" asserts="1">
                                <categories>
                                  <category name="Unit" />
                                </categories>
                              </test-case>
                              <test-case name="Bowerbird.Core.Test.Entities.OrganisationTest.Organisation_Constructor_Passing_Empty_Name_Throws_DesignByContractException" executed="True" result="Success" success="True" time="0.001" asserts="1">
                                <categories>
                                  <category name="Unit" />
                                </categories>
                              </test-case>
                              <test-case name="Bowerbird.Core.Test.Entities.OrganisationTest.Organisation_Constructor_Passing_Null_User_Throws_DesignByContractException" executed="True" result="Success" success="True" time="0.001" asserts="1">
                                <categories>
                                  <category name="Unit" />
                                </categories>
                              </test-case>
                              <test-case name="Bowerbird.Core.Test.Entities.OrganisationTest.Organisation_Constructor_Populates_Property_Values" executed="True" result="Success" success="True" time="0.001" asserts="3">
                                <categories>
                                  <category name="Unit" />
                                </categories>
                              </test-case>
                            </results>
                          </test-suite>
                          <test-suite type="TestFixture" name="PermissionTest" executed="True" result="Success" success="True" time="0.882" asserts="0">
                            <results>
                              <test-case name="Bowerbird.Core.Test.Entities.PermissionTest.Permission_Constructor_Passing_Empty_Description_Throws_DesignByContractException" executed="True" result="Success" success="True" time="0.001" asserts="1">
                                <categories>
                                  <category name="Unit" />
                                </categories>
                              </test-case>
                              <test-case name="Bowerbird.Core.Test.Entities.PermissionTest.Permission_Constructor_Passing_Empty_Id_Throws_DesignByContractException" executed="True" result="Success" success="True" time="0.001" asserts="1">
                                <categories>
                                  <category name="Unit" />
                                </categories>
                              </test-case>
                              <test-case name="Bowerbird.Core.Test.Entities.PermissionTest.Permission_Constructor_Passing_Empty_Name_Throws_DesignByContractException" executed="True" result="Success" success="True" time="0.001" asserts="1">
                                <categories>
                                  <category name="Unit" />
                                </categories>
                              </test-case>
                              <test-case name="Bowerbird.Core.Test.Entities.PermissionTest.Permission_Constructor_Populates_Properties_With_Values" executed="True" result="Success" success="True" time="0.002" asserts="3">
                                <categories>
                                  <category name="Unit" />
                                </categories>
                              </test-case>
                              <test-case name="Bowerbird.Core.Test.Entities.PermissionTest.Permission_Description_Is_OfType_String" executed="True" result="Success" success="True" time="0.000" asserts="1">
                                <categories>
                                  <category name="Unit" />
                                </categories>
                              </test-case>
                              <test-case name="Bowerbird.Core.Test.Entities.PermissionTest.Permission_Id_Is_OfType_String" executed="True" result="Success" success="True" time="0.000" asserts="1">
                                <categories>
                                  <category name="Unit" />
                                </categories>
                              </test-case>
                              <test-case name="Bowerbird.Core.Test.Entities.PermissionTest.Permission_Name_Is_OfType_String" executed="True" result="Success" success="True" time="0.000" asserts="1">
                                <categories>
                                  <category name="Unit" />
                                </categories>
                              </test-case>
                            </results>
                          </test-suite>
                          <test-suite type="TestFixture" name="PostTest" executed="True" result="Success" success="True" time="7.475" asserts="0">
                            <results>
                              <test-case name="Bowerbird.Core.Test.Entities.PostTest.Post_Constructor_Passing_Empty_Message_Throws_DesignByContractException" executed="True" result="Success" success="True" time="0.002" asserts="1">
                                <categories>
                                  <category name="Unit" />
                                </categories>
                              </test-case>
                              <test-case name="Bowerbird.Core.Test.Entities.PostTest.Post_Constructor_Passing_Empty_Subject_Throws_DesignByContractException" executed="True" result="Success" success="True" time="0.001" asserts="1">
                                <categories>
                                  <category name="Unit" />
                                </categories>
                              </test-case>
                              <test-case name="Bowerbird.Core.Test.Entities.PostTest.Post_Constructor_Passing_Null_User_Throws_DesignByContractException" executed="True" result="Success" success="True" time="0.001" asserts="1">
                                <categories>
                                  <category name="Unit" />
                                </categories>
                              </test-case>
                              <test-case name="Bowerbird.Core.Test.Entities.PostTest.Post_Constructor_Populates_Properties_With_Values" executed="True" result="Success" success="True" time="0.003" asserts="7">
                                <categories>
                                  <category name="Unit" />
                                </categories>
                              </test-case>
                              <test-case name="Bowerbird.Core.Test.Entities.PostTest.Post_Message_Is_OfType_String" executed="True" result="Success" success="True" time="0.001" asserts="1">
                                <categories>
                                  <category name="Unit" />
                                </categories>
                              </test-case>
                              <test-case name="Bowerbird.Core.Test.Entities.PostTest.Post_PostedOn_Is_OfType_DateTime" executed="True" result="Success" success="True" time="0.001" asserts="1">
                                <categories>
                                  <category name="Unit" />
                                </categories>
                              </test-case>
                              <test-case name="Bowerbird.Core.Test.Entities.PostTest.Post_Subject_Is_OfType_String" executed="True" result="Success" success="True" time="0.000" asserts="1">
                                <categories>
                                  <category name="Unit" />
                                </categories>
                              </test-case>
                              <test-case name="Bowerbird.Core.Test.Entities.PostTest.Post_UpdateDetails_Populates_Properties_With_Values" executed="True" result="Success" success="True" time="0.002" asserts="2">
                                <categories>
                                  <category name="Unit" />
                                </categories>
                              </test-case>
                              <test-case name="Bowerbird.Core.Test.Entities.PostTest.Post_User_Is_OfType_DenormalisedUserReference" executed="True" result="Success" success="True" time="0.001" asserts="1">
                                <categories>
                                  <category name="Unit" />
                                </categories>
                              </test-case>
                            </results>
                          </test-suite>
                          <test-suite type="TestFixture" name="ProjectMemberTest" executed="True" result="Success" success="True" time="0.516" asserts="0">
                            <results>
                              <test-case name="Bowerbird.Core.Test.Entities.ProjectMemberTest.ProjectMember_Constructor_Passing_Null_CreatedByUser_Throws_DesignByContractException" executed="True" result="Success" success="True" time="0.002" asserts="1">
                                <categories>
                                  <category name="Unit" />
                                </categories>
                              </test-case>
                              <test-case name="Bowerbird.Core.Test.Entities.ProjectMemberTest.ProjectMember_Constructor_Passing_Null_Project_Throws_DesignByContractException" executed="True" result="Success" success="True" time="0.001" asserts="1">
                                <categories>
                                  <category name="Unit" />
                                </categories>
                              </test-case>
                              <test-case name="Bowerbird.Core.Test.Entities.ProjectMemberTest.ProjectMember_Constructor_Sets_Property_Values" executed="True" result="Success" success="True" time="0.003" asserts="8">
                                <categories>
                                  <category name="Unit" />
                                </categories>
                              </test-case>
                              <test-case name="Bowerbird.Core.Test.Entities.ProjectMemberTest.ProjectMember_Project_Is_OfType_DenormalisedNamedEntityReference_Project" executed="True" result="Success" success="True" time="0.001" asserts="1">
                                <categories>
                                  <category name="Unit" />
                                </categories>
                              </test-case>
                            </results>
                          </test-suite>
                          <test-suite type="TestFixture" name="ProjectTest" executed="True" result="Success" success="True" time="1.576" asserts="0">
                            <results>
                              <test-case name="Bowerbird.Core.Test.Entities.ProjectTest.Project_Constructor_Passing_Empty_Description_Throws_DesignByContractException" executed="True" result="Success" success="True" time="0.001" asserts="1">
                                <categories>
                                  <category name="Unit" />
                                </categories>
                              </test-case>
                              <test-case name="Bowerbird.Core.Test.Entities.ProjectTest.Project_Constructor_Passing_Empty_Name_Throws_DesignByContractException" executed="True" result="Success" success="True" time="0.001" asserts="1">
                                <categories>
                                  <category name="Unit" />
                                </categories>
                              </test-case>
                              <test-case name="Bowerbird.Core.Test.Entities.ProjectTest.Project_Constructor_Passing_Null_User_Throws_DesignByContractException" executed="True" result="Success" success="True" time="0.001" asserts="1">
                                <categories>
                                  <category name="Unit" />
                                </categories>
                              </test-case>
                              <test-case name="Bowerbird.Core.Test.Entities.ProjectTest.Project_Constructor_Populates_Properties_With_Values" executed="True" result="Success" success="True" time="0.001" asserts="2">
                                <categories>
                                  <category name="Unit" />
                                </categories>
                              </test-case>
                              <test-case name="Bowerbird.Core.Test.Entities.ProjectTest.Project_Description_Is_OfType_String" executed="True" result="Success" success="True" time="0.001" asserts="1">
                                <categories>
                                  <category name="Unit" />
                                </categories>
                              </test-case>
                              <test-case name="Bowerbird.Core.Test.Entities.ProjectTest.Project_Name_Is_OfType_String" executed="True" result="Success" success="True" time="0.001" asserts="1">
                                <categories>
                                  <category name="Unit" />
                                </categories>
                              </test-case>
                              <test-case name="Bowerbird.Core.Test.Entities.ProjectTest.Project_UpdateDetails_Passing_Empty_Description_Throws_DesignByContractException" executed="True" result="Success" success="True" time="0.002" asserts="1">
                                <categories>
                                  <category name="Unit" />
                                </categories>
                              </test-case>
                              <test-case name="Bowerbird.Core.Test.Entities.ProjectTest.Project_UpdateDetails_Passing_Empty_Name_Throws_DesignByContractException" executed="True" result="Success" success="True" time="0.002" asserts="1">
                                <categories>
                                  <category name="Unit" />
                                </categories>
                              </test-case>
                              <test-case name="Bowerbird.Core.Test.Entities.ProjectTest.Project_UpdateDetails_Passing_Null_User_Throws_DesignByContractException" executed="True" result="Success" success="True" time="0.001" asserts="1">
                                <categories>
                                  <category name="Unit" />
                                </categories>
                              </test-case>
                              <test-case name="Bowerbird.Core.Test.Entities.ProjectTest.Project_UpdateDetails_Populates_Properties_With_Values" executed="True" result="Success" success="True" time="0.001" asserts="2">
                                <categories>
                                  <category name="Unit" />
                                </categories>
                              </test-case>
                            </results>
                          </test-suite>
                          <test-suite type="TestFixture" name="RoleTest" executed="True" result="Success" success="True" time="1.421" asserts="0">
                            <results>
                              <test-case name="Bowerbird.Core.Test.Entities.RoleTest.Role_Constructor_Passing_Empty_Description_Throws_DesignByContractException" executed="True" result="Success" success="True" time="0.001" asserts="1">
                                <categories>
                                  <category name="Unit" />
                                </categories>
                              </test-case>
                              <test-case name="Bowerbird.Core.Test.Entities.RoleTest.Role_Constructor_Passing_Empty_Id_Throws_DesignByContractException" executed="True" result="Success" success="True" time="0.001" asserts="1">
                                <categories>
                                  <category name="Unit" />
                                </categories>
                              </test-case>
                              <test-case name="Bowerbird.Core.Test.Entities.RoleTest.Role_Constructor_Passing_Empty_Name_Throws_DesignByContractException" executed="True" result="Success" success="True" time="0.001" asserts="1">
                                <categories>
                                  <category name="Unit" />
                                </categories>
                              </test-case>
                              <test-case name="Bowerbird.Core.Test.Entities.RoleTest.Role_Constructor_Passing_Null_Permissions_Throws_DesignByContractException" executed="True" result="Success" success="True" time="0.001" asserts="1">
                                <categories>
                                  <category name="Unit" />
                                </categories>
                              </test-case>
                              <test-case name="Bowerbird.Core.Test.Entities.RoleTest.Role_Constructor_Populates_Properties_With_Values" executed="True" result="Success" success="True" time="0.003" asserts="5">
                                <categories>
                                  <category name="Unit" />
                                </categories>
                              </test-case>
                              <test-case name="Bowerbird.Core.Test.Entities.RoleTest.Role_Description_Is_OfType_String" executed="True" result="Success" success="True" time="0.001" asserts="1">
                                <categories>
                                  <category name="Unit" />
                                </categories>
                              </test-case>
                              <test-case name="Bowerbird.Core.Test.Entities.RoleTest.Role_Name_Is_OfType_String" executed="True" result="Success" success="True" time="0.000" asserts="1">
                                <categories>
                                  <category name="Unit" />
                                </categories>
                              </test-case>
                              <test-case name="Bowerbird.Core.Test.Entities.RoleTest.Role_Permissions_Is_ListOf_DenormalisedNamedEntityReference_Permission" executed="True" result="Success" success="True" time="0.000" asserts="1">
                                <categories>
                                  <category name="Unit" />
                                </categories>
                              </test-case>
                            </results>
                          </test-suite>
                          <test-suite type="TestFixture" name="TeamMemberTest" executed="True" result="Success" success="True" time="0.471" asserts="0">
                            <results>
                              <test-case name="Bowerbird.Core.Test.Entities.TeamMemberTest.TeamMember_Constructor_Passing_Null_CreatedByUser_Throws_DesignByContractException" executed="True" result="Success" success="True" time="0.002" asserts="1">
                                <categories>
                                  <category name="Unit" />
                                </categories>
                              </test-case>
                              <test-case name="Bowerbird.Core.Test.Entities.TeamMemberTest.TeamMember_Constructor_Passing_Null_Team_Throws_DesignByContractException" executed="True" result="Success" success="True" time="0.004" asserts="1">
                                <categories>
                                  <category name="Unit" />
                                </categories>
                              </test-case>
                              <test-case name="Bowerbird.Core.Test.Entities.TeamMemberTest.TeamMember_Constructor_Sets_Property_Values" executed="True" result="Success" success="True" time="0.004" asserts="8">
                                <categories>
                                  <category name="Unit" />
                                </categories>
                              </test-case>
                              <test-case name="Bowerbird.Core.Test.Entities.TeamMemberTest.TeamMember_Team_Is_OfType_DenormalisedNamedEntityReference_Team" executed="True" result="Success" success="True" time="0.001" asserts="1">
                                <categories>
                                  <category name="Unit" />
                                </categories>
                              </test-case>
                            </results>
                          </test-suite>
                          <test-suite type="TestFixture" name="TeamTest" executed="True" result="Success" success="True" time="1.419" asserts="0">
                            <results>
                              <test-case name="Bowerbird.Core.Test.Entities.TeamTest.Team_Constructor_Passing_Empty_Description_Throws_DesignByContractException" executed="True" result="Success" success="True" time="0.002" asserts="1">
                                <categories>
                                  <category name="Unit" />
                                </categories>
                              </test-case>
                              <test-case name="Bowerbird.Core.Test.Entities.TeamTest.Team_Constructor_Passing_Empty_Name_Throws_DesignByContractException" executed="True" result="Success" success="True" time="0.001" asserts="1">
                                <categories>
                                  <category name="Unit" />
                                </categories>
                              </test-case>
                              <test-case name="Bowerbird.Core.Test.Entities.TeamTest.Team_Constructor_Passing_Null_User_Throws_DesignByContractException" executed="True" result="Success" success="True" time="0.001" asserts="1">
                                <categories>
                                  <category name="Unit" />
                                </categories>
                              </test-case>
                              <test-case name="Bowerbird.Core.Test.Entities.TeamTest.Team_Constructor_Populates_Property_Values" executed="True" result="Success" success="True" time="0.001" asserts="3">
                                <categories>
                                  <category name="Unit" />
                                </categories>
                              </test-case>
                              <test-case name="Bowerbird.Core.Test.Entities.TeamTest.Team_Description_Is_OfType_String" executed="True" result="Success" success="True" time="0.001" asserts="1">
                                <categories>
                                  <category name="Unit" />
                                </categories>
                              </test-case>
                              <test-case name="Bowerbird.Core.Test.Entities.TeamTest.Team_Name_Is_OfType_String" executed="True" result="Success" success="True" time="0.000" asserts="1">
                                <categories>
                                  <category name="Unit" />
                                </categories>
                              </test-case>
                              <test-case name="Bowerbird.Core.Test.Entities.TeamTest.Team_UpdateDetails_Passing_Empty_Description_Throws_DesignByContractException" executed="True" result="Success" success="True" time="0.002" asserts="1">
                                <categories>
                                  <category name="Unit" />
                                </categories>
                              </test-case>
                              <test-case name="Bowerbird.Core.Test.Entities.TeamTest.Team_UpdateDetails_Passing_Empty_Name_Throws_DesignByContractException" executed="True" result="Success" success="True" time="0.001" asserts="1">
                                <categories>
                                  <category name="Unit" />
                                </categories>
                              </test-case>
                              <test-case name="Bowerbird.Core.Test.Entities.TeamTest.Team_UpdateDetails_Passing_Null_User_Throws_DesignByContractException" executed="True" result="Success" success="True" time="0.002" asserts="1">
                                <categories>
                                  <category name="Unit" />
                                </categories>
                              </test-case>
                              <test-case name="Bowerbird.Core.Test.Entities.TeamTest.Team_UpdateDetails_Populates_Properties_With_Values" executed="True" result="Success" success="True" time="0.001" asserts="3">
                                <categories>
                                  <category name="Unit" />
                                </categories>
                              </test-case>
                              <test-case name="Bowerbird.Core.Test.Entities.TeamTest.Team_Website_Is_OfType_String" executed="True" result="Success" success="True" time="0.000" asserts="1">
                                <categories>
                                  <category name="Unit" />
                                </categories>
                              </test-case>
                            </results>
                          </test-suite>
                          <test-suite type="TestFixture" name="UserTest" executed="True" result="Success" success="True" time="6.264" asserts="0">
                            <results>
                              <test-case name="Bowerbird.Core.Test.Entities.UserTest.User_AddMembership_Passing_InvalidValid_Memebership_DesignByContractException" executed="True" result="Success" success="True" time="0.001" asserts="1">
                                <categories>
                                  <category name="Unit" />
                                </categories>
                              </test-case>
                              <test-case name="Bowerbird.Core.Test.Entities.UserTest.User_AddMemebership_Passing_Role_Adds_Membership" executed="True" result="Success" success="True" time="0.002" asserts="1">
                                <categories>
                                  <category name="Unit" />
                                </categories>
                              </test-case>
                              <test-case name="Bowerbird.Core.Test.Entities.UserTest.User_AddMemebership_With_ExistingMembership_Doesnt_Add_Membership" executed="True" result="Success" success="True" time="0.002" asserts="1">
                                <categories>
                                  <category name="Unit" />
                                </categories>
                              </test-case>
                              <test-case name="Bowerbird.Core.Test.Entities.UserTest.User_Constructor_Populates_Description_Field" executed="True" result="Success" success="True" time="0.000" asserts="1">
                                <categories>
                                  <category name="Unit" />
                                </categories>
                              </test-case>
                              <test-case name="Bowerbird.Core.Test.Entities.UserTest.User_Constructor_Populates_Email_Field" executed="True" result="Success" success="True" time="0.000" asserts="1">
                                <categories>
                                  <category name="Unit" />
                                </categories>
                              </test-case>
                              <test-case name="Bowerbird.Core.Test.Entities.UserTest.User_Constructor_Populates_FirstName_Field" executed="True" result="Success" success="True" time="0.001" asserts="1">
                                <categories>
                                  <category name="Unit" />
                                </categories>
                              </test-case>
                              <test-case name="Bowerbird.Core.Test.Entities.UserTest.User_Constructor_Populates_Id_Field" executed="True" result="Success" success="True" time="0.001" asserts="1">
                                <categories>
                                  <category name="Unit" />
                                </categories>
                              </test-case>
                              <test-case name="Bowerbird.Core.Test.Entities.UserTest.User_Constructor_Populates_LastName_Field" executed="True" result="Success" success="True" time="0.001" asserts="1">
                                <categories>
                                  <category name="Unit" />
                                </categories>
                              </test-case>
                              <test-case name="Bowerbird.Core.Test.Entities.UserTest.User_Constructor_Populates_Membership_As_GlobalMembership_With_Roles_Field" executed="True" result="Success" success="True" time="0.003" asserts="3">
                                <categories>
                                  <category name="Unit" />
                                </categories>
                              </test-case>
                              <test-case name="Bowerbird.Core.Test.Entities.UserTest.User_Constructor_Populates_Password_Field" executed="True" result="Success" success="True" time="0.001" asserts="1">
                                <categories>
                                  <category name="Unit" />
                                </categories>
                              </test-case>
                              <test-case name="Bowerbird.Core.Test.Entities.UserTest.User_Constructor_With_Null_Id_Throws_DesignByContractException" executed="True" result="Success" success="True" time="0.001" asserts="1">
                                <categories>
                                  <category name="Unit" />
                                </categories>
                              </test-case>
                              <test-case name="Bowerbird.Core.Test.Entities.UserTest.User_Constructor_With_Null_Roles_Throws_DesignByContractException" executed="True" result="Success" success="True" time="0.001" asserts="1">
                                <categories>
                                  <category name="Unit" />
                                </categories>
                              </test-case>
                              <test-case name="Bowerbird.Core.Test.Entities.UserTest.User_Description_Is_TypeOf_String" executed="True" result="Success" success="True" time="0.001" asserts="1">
                                <categories>
                                  <category name="Unit" />
                                </categories>
                              </test-case>
                              <test-case name="Bowerbird.Core.Test.Entities.UserTest.User_Email_Is_TypeOf_String" executed="True" result="Success" success="True" time="0.001" asserts="1">
                                <categories>
                                  <category name="Unit" />
                                </categories>
                              </test-case>
                              <test-case name="Bowerbird.Core.Test.Entities.UserTest.User_FirstName_Is_TypeOf_String" executed="True" result="Success" success="True" time="0.000" asserts="1">
                                <categories>
                                  <category name="Unit" />
                                </categories>
                              </test-case>
                              <test-case name="Bowerbird.Core.Test.Entities.UserTest.User_FlaggedItemsOwned_Is_TypeOf_Int" executed="True" result="Success" success="True" time="0.000" asserts="1">
                                <categories>
                                  <category name="Unit" />
                                </categories>
                              </test-case>
                              <test-case name="Bowerbird.Core.Test.Entities.UserTest.User_FlagsRaised_Is_TypeOf_Int" executed="True" result="Success" success="True" time="0.000" asserts="1">
                                <categories>
                                  <category name="Unit" />
                                </categories>
                              </test-case>
                              <test-case name="Bowerbird.Core.Test.Entities.UserTest.User_HashedPassword_Is_TypeOf_String" executed="True" result="Success" success="True" time="0.000" asserts="1">
                                <categories>
                                  <category name="Unit" />
                                </categories>
                              </test-case>
                              <test-case name="Bowerbird.Core.Test.Entities.UserTest.User_IncrementFlaggedItemsOwned_DoesInFact_ImplementFlaggedItemsOwned" executed="True" result="Success" success="True" time="0.001" asserts="1">
                                <categories>
                                  <category name="Unit" />
                                </categories>
                              </test-case>
                              <test-case name="Bowerbird.Core.Test.Entities.UserTest.User_IncrementFlagsRaised_DoesInFact_ImplementFlagsRaised" executed="True" result="Success" success="True" time="0.001" asserts="1">
                                <categories>
                                  <category name="Unit" />
                                </categories>
                              </test-case>
                              <test-case name="Bowerbird.Core.Test.Entities.UserTest.User_LastLoggedIn_Is_TypeOf_DateTime" executed="True" result="Success" success="True" time="0.001" asserts="1">
                                <categories>
                                  <category name="Unit" />
                                </categories>
                              </test-case>
                              <test-case name="Bowerbird.Core.Test.Entities.UserTest.User_LastName_Is_TypeOf_String" executed="True" result="Success" success="True" time="0.000" asserts="1">
                                <categories>
                                  <category name="Unit" />
                                </categories>
                              </test-case>
                              <test-case name="Bowerbird.Core.Test.Entities.UserTest.User_Memeberships_Is_ListOf_DenormalisedNamedEntityReference_AsGeneric_Membership" executed="True" result="Success" success="True" time="0.001" asserts="1">
                                <categories>
                                  <category name="Unit" />
                                </categories>
                              </test-case>
                              <test-case name="Bowerbird.Core.Test.Entities.UserTest.User_PasswordSalt_Is_TypeOf_Guid" executed="True" result="Success" success="True" time="0.001" asserts="1">
                                <categories>
                                  <category name="Unit" />
                                </categories>
                              </test-case>
                              <test-case name="Bowerbird.Core.Test.Entities.UserTest.User_RemoveMembership_Passing_InvalidValid_MemberId_Throws_DesignByContractException" executed="True" result="Success" success="True" time="0.002" asserts="1">
                                <categories>
                                  <category name="Unit" />
                                </categories>
                              </test-case>
                              <test-case name="Bowerbird.Core.Test.Entities.UserTest.User_RemoveMembership_Passing_MemberType_And_MembershipId_Removes_Membership" executed="True" result="Success" success="True" time="0.002" asserts="1">
                                <categories>
                                  <category name="Unit" />
                                </categories>
                              </test-case>
                              <test-case name="Bowerbird.Core.Test.Entities.UserTest.User_RemoveRole_Passing_InvalidValid_MemberType_Throws_DesignByContractException" executed="True" result="Success" success="True" time="0.001" asserts="1">
                                <categories>
                                  <category name="Unit" />
                                </categories>
                              </test-case>
                              <test-case name="Bowerbird.Core.Test.Entities.UserTest.User_ResetPasswordKey_Is_TypeOf_String" executed="True" result="Success" success="True" time="0.000" asserts="1">
                                <categories>
                                  <category name="Unit" />
                                </categories>
                              </test-case>
                              <test-case name="Bowerbird.Core.Test.Entities.UserTest.User_UpdateEmail_WithInValidEmail_Throws_DesignByContractException" executed="True" result="Success" success="True" time="0.001" asserts="1">
                                <categories>
                                  <category name="Unit" />
                                </categories>
                              </test-case>
                              <test-case name="Bowerbird.Core.Test.Entities.UserTest.User_UpdateEmail_WithValidEmail_Updates_Email" executed="True" result="Success" success="True" time="0.001" asserts="1">
                                <categories>
                                  <category name="Unit" />
                                </categories>
                              </test-case>
                              <test-case name="Bowerbird.Core.Test.Entities.UserTest.User_UpdateLastLoggedIn_Increases_LastLoggedIn" executed="True" result="Success" success="True" time="1.001" asserts="1">
                                <categories>
                                  <category name="Unit" />
                                </categories>
                              </test-case>
                              <test-case name="Bowerbird.Core.Test.Entities.UserTest.User_UpdatePassword_Then_Validate_With_New_Password_Returns_True" executed="True" result="Success" success="True" time="0.001" asserts="1">
                                <categories>
                                  <category name="Unit" />
                                </categories>
                              </test-case>
                              <test-case name="Bowerbird.Core.Test.Entities.UserTest.User_UpdatePassword_Then_Validate_With_Old_Password_Returns_False" executed="True" result="Success" success="True" time="0.001" asserts="1">
                                <categories>
                                  <category name="Unit" />
                                </categories>
                              </test-case>
                              <test-case name="Bowerbird.Core.Test.Entities.UserTest.User_UpdateResetPasswordKey_DoesInFact_UpdateResetPasswordKey" executed="True" result="Success" success="True" time="0.001" asserts="1">
                                <categories>
                                  <category name="Unit" />
                                </categories>
                              </test-case>
                              <test-case name="Bowerbird.Core.Test.Entities.UserTest.User_ValidPassword_WithInValidPassword_Returns_False" executed="True" result="Success" success="True" time="0.001" asserts="1">
                                <categories>
                                  <category name="Unit" />
                                </categories>
                              </test-case>
                              <test-case name="Bowerbird.Core.Test.Entities.UserTest.User_ValidPassword_WithValidPassword_Returns_True" executed="True" result="Success" success="True" time="0.001" asserts="1">
                                <categories>
                                  <category name="Unit" />
                                </categories>
                              </test-case>
                            </results>
                          </test-suite>
                          <test-suite type="TestFixture" name="ValueObjectTest" executed="False" result="Ignored">
                            <reason>
                              <message><![CDATA[]]></message>
                            </reason>
                            <results>
                              <test-case name="Bowerbird.Core.Test.Entities.ValueObjectTest.BaseObject_Equality_Operator_Comparing_Two_Equal_Objects_Returns_True" executed="False" result="Ignored">
                                <categories>
                                  <category name="Unit" />
                                </categories>
                                <reason>
                                  <message><![CDATA[]]></message>
                                </reason>
                              </test-case>
                              <test-case name="Bowerbird.Core.Test.Entities.ValueObjectTest.ValueObject_Equality_Operator_Comparing_Two_Equal_Objects_Returns_True" executed="False" result="Ignored">
                                <categories>
                                  <category name="Unit" />
                                </categories>
                                <reason>
                                  <message><![CDATA[]]></message>
                                </reason>
                              </test-case>
                            </results>
                          </test-suite>
                        </results>
                      </test-suite>
                      <test-suite type="Namespace" name="EventHandlers" executed="True" result="Success" success="True" time="0.339" asserts="0">
                        <results>
                          <test-suite type="TestFixture" name="SendWelcomeEmailEventHandlerTest" executed="True" result="Success" success="True" time="0.263" asserts="0">
                            <results>
                              <test-case name="Bowerbird.Core.Test.EventHandlers.SendWelcomeEmailEventHandlerTest.SendWelcomeEmailEventHandler_Handle_Passing_Null_UserCreatedEvent_Throws_DesignByContractException" executed="True" result="Success" success="True" time="0.002" asserts="1">
                                <categories>
                                  <category name="Unit" />
                                </categories>
                              </test-case>
                              <test-case name="Bowerbird.Core.Test.EventHandlers.SendWelcomeEmailEventHandlerTest.SendWelcomeEmailEventHandler_Handle_Passing_UserCreatedEvent_DoesStuffYetDefined" executed="False" result="Ignored">
                                <reason>
                                  <message><![CDATA[]]></message>
                                </reason>
                              </test-case>
                            </results>
                          </test-suite>
                        </results>
                      </test-suite>
                      <test-suite type="Namespace" name="Events" executed="True" result="Success" success="True" time="1.930" asserts="0">
                        <results>
                          <test-suite type="TestFixture" name="EntityCreatedEventTest" executed="True" result="Success" success="True" time="0.498" asserts="0">
                            <results>
                              <test-case name="Bowerbird.Core.Test.Events.EntityCreatedEventTest.EntityCreatedEvent_Constructor_Passing_Null_Entity_Throws_DesignByContractException" executed="True" result="Success" success="True" time="0.003" asserts="1">
                                <categories>
                                  <category name="Unit" />
                                </categories>
                              </test-case>
                              <test-case name="Bowerbird.Core.Test.Events.EntityCreatedEventTest.EntityCreatedEvent_Constructor_Passing_Null_User_Throws_DesignByContractException" executed="True" result="Success" success="True" time="0.001" asserts="1">
                                <categories>
                                  <category name="Unit" />
                                </categories>
                              </test-case>
                              <test-case name="Bowerbird.Core.Test.Events.EntityCreatedEventTest.EntityCreatedEvent_Entity_Is_Specified_Generic_Type" executed="True" result="Success" success="True" time="0.001" asserts="1">
                                <categories>
                                  <category name="Unit" />
                                </categories>
                              </test-case>
                              <test-case name="Bowerbird.Core.Test.Events.EntityCreatedEventTest.EntityCreatedEvent_User_Is_A_User" executed="True" result="Success" success="True" time="0.001" asserts="1">
                                <categories>
                                  <category name="Unit" />
                                </categories>
                              </test-case>
                            </results>
                          </test-suite>
                          <test-suite type="TestFixture" name="EntityUpdatedEventTest" executed="True" result="Success" success="True" time="0.714" asserts="0">
                            <results>
                              <test-case name="Bowerbird.Core.Test.Events.EntityUpdatedEventTest.EntityCreatedEvent_User_Is_TypeOf_User" executed="True" result="Success" success="True" time="0.001" asserts="1">
                                <categories>
                                  <category name="Unit" />
                                </categories>
                              </test-case>
                              <test-case name="Bowerbird.Core.Test.Events.EntityUpdatedEventTest.EntityUpdatedEvent_Constructor_Passing_Entity_And_User_Sets_Properties" executed="True" result="Success" success="True" time="0.002" asserts="2">
                                <categories>
                                  <category name="Unit" />
                                </categories>
                              </test-case>
                              <test-case name="Bowerbird.Core.Test.Events.EntityUpdatedEventTest.EntityUpdatedEvent_Constructor_Passing_Null_Entity_Throws_DesignByContractException" executed="True" result="Success" success="True" time="0.002" asserts="1">
                                <categories>
                                  <category name="Unit" />
                                </categories>
                              </test-case>
                              <test-case name="Bowerbird.Core.Test.Events.EntityUpdatedEventTest.EntityUpdatedEvent_Constructor_Passing_Null_User_Throws_DesignByContractException" executed="True" result="Success" success="True" time="0.001" asserts="1">
                                <categories>
                                  <category name="Unit" />
                                </categories>
                              </test-case>
                              <test-case name="Bowerbird.Core.Test.Events.EntityUpdatedEventTest.EntityUpdatedEvent_Entity_Is_Specified_Generic_Type" executed="True" result="Success" success="True" time="0.001" asserts="1">
                                <categories>
                                  <category name="Unit" />
                                </categories>
                              </test-case>
                            </results>
                          </test-suite>
                          <test-suite type="TestFixture" name="UserLoggedInEventTest" executed="True" result="Success" success="True" time="0.242" asserts="0">
                            <results>
                              <test-case name="Bowerbird.Core.Test.Events.UserLoggedInEventTest.UserLoggedInEvent_Constructor_Passing_Null_User_Throws_DesignByContractException" executed="True" result="Success" success="True" time="0.001" asserts="1">
                                <categories>
                                  <category name="Unit" />
                                </categories>
                              </test-case>
                              <test-case name="Bowerbird.Core.Test.Events.UserLoggedInEventTest.UserLoggedInEvent_User_Is_TypeOf_User" executed="True" result="Success" success="True" time="0.001" asserts="1">
                                <categories>
                                  <category name="Unit" />
                                </categories>
                              </test-case>
                            </results>
                          </test-suite>
                        </results>
                      </test-suite>
                      <test-suite type="Namespace" name="Extensions" executed="True" result="Success" success="True" time="2.053" asserts="0">
                        <results>
                          <test-suite type="TestFixture" name="CollectionExtensionsTest" executed="True" result="Success" success="True" time="0.577" asserts="0">
                            <results>
                              <test-case name="Bowerbird.Core.Test.Extensions.CollectionExtensionsTest.CollectionExtensions_GetEnumeratorCount_Passing_Collection_Returns_Count" executed="True" result="Success" success="True" time="0.002" asserts="1">
                                <categories>
                                  <category name="Unit" />
                                </categories>
                              </test-case>
                              <test-case name="Bowerbird.Core.Test.Extensions.CollectionExtensionsTest.CollectionExtensions_IsNotNullAndHasItems_Passing_Collection_Having_Items_Returns_False" executed="True" result="Success" success="True" time="0.007" asserts="1">
                                <categories>
                                  <category name="Unit" />
                                </categories>
                              </test-case>
                              <test-case name="Bowerbird.Core.Test.Extensions.CollectionExtensionsTest.CollectionExtensions_IsNotNullAndHasItems_Passing_Empty_Collection_Returns_False" executed="True" result="Success" success="True" time="0.000" asserts="1">
                                <categories>
                                  <category name="Unit" />
                                </categories>
                              </test-case>
                              <test-case name="Bowerbird.Core.Test.Extensions.CollectionExtensionsTest.CollectionExtensions_IsNotNullAndHasItems_Passing_Null_Collection_Returns_False" executed="True" result="Success" success="True" time="0.001" asserts="1">
                                <categories>
                                  <category name="Unit" />
                                </categories>
                              </test-case>
                            </results>
                          </test-suite>
                          <test-suite type="TestFixture" name="StringExtensionsTest" executed="True" result="Success" success="True" time="1.166" asserts="0">
                            <results>
                              <test-case name="Bowerbird.Core.Test.Extensions.StringExtensionsTest.StringExtensions_AppendWith_Passing_Starting_Text_And_Appender_Text_Returns_FormattedText" executed="True" result="Success" success="True" time="0.001" asserts="1">
                                <categories>
                                  <category name="Unit" />
                                </categories>
                              </test-case>
                              <test-case name="Bowerbird.Core.Test.Extensions.StringExtensionsTest.StringExtensions_FormatWith_Passing_Invalid_Format_String_Throws_DesignByContractException" executed="True" result="Success" success="True" time="0.002" asserts="1">
                                <categories>
                                  <category name="Unit" />
                                </categories>
                              </test-case>
                              <test-case name="Bowerbird.Core.Test.Extensions.StringExtensionsTest.StringExtensions_FormatWith_PassingFormatString_And_ParamString_Returns_FormattedText" executed="True" result="Success" success="True" time="0.000" asserts="1">
                                <categories>
                                  <category name="Unit" />
                                </categories>
                              </test-case>
                              <test-case name="Bowerbird.Core.Test.Extensions.StringExtensionsTest.StringExtensions_IsValidEmailAddress_With_Missing_at_Symbol_Returns_False" executed="True" result="Success" success="True" time="0.001" asserts="1">
                                <categories>
                                  <category name="Unit" />
                                </categories>
                              </test-case>
                              <test-case name="Bowerbird.Core.Test.Extensions.StringExtensionsTest.StringExtensions_IsValidEmailAddress_With_Missing_Post_at_Symbol_characters_Returns_False" executed="True" result="Success" success="True" time="0.001" asserts="1">
                                <categories>
                                  <category name="Unit" />
                                </categories>
                              </test-case>
                              <test-case name="Bowerbird.Core.Test.Extensions.StringExtensionsTest.StringExtensions_IsValidEmailAddress_With_Missing_Pre_at_Symbol_characters_Returns_False" executed="True" result="Success" success="True" time="0.001" asserts="1">
                                <categories>
                                  <category name="Unit" />
                                </categories>
                              </test-case>
                              <test-case name="Bowerbird.Core.Test.Extensions.StringExtensionsTest.StringExtensions_IsValidEmailAddress_With_Valid_EmailAddress_Returns_True" executed="True" result="Success" success="True" time="0.002" asserts="1">
                                <categories>
                                  <category name="Unit" />
                                </categories>
                              </test-case>
                              <test-case name="Bowerbird.Core.Test.Extensions.StringExtensionsTest.StringExtensions_PrependWith_Passing_Starting_Text_And_Prepender_Text_Returns_FormattedText" executed="True" result="Success" success="True" time="0.001" asserts="1">
                                <categories>
                                  <category name="Unit" />
                                </categories>
                              </test-case>
                            </results>
                          </test-suite>
                        </results>
                      </test-suite>
                      <test-suite type="Namespace" name="Repositories" executed="True" result="Success" success="True" time="7.559" asserts="0">
                        <results>
                          <test-suite type="TestFixture" name="UserRepositoryTest" executed="True" result="Success" success="True" time="7.494" asserts="0">
                            <results>
                              <test-case name="Bowerbird.Core.Test.Repositories.UserRepositoryTest.UserRepository_Can_Save_User_Record" executed="True" result="Success" success="True" time="7.427" asserts="1">
                                <categories>
                                  <category name="Persistance" />
                                </categories>
                              </test-case>
                            </results>
                          </test-suite>
                        </results>
                      </test-suite>
                      <test-suite type="Namespace" name="Tasks" executed="True" result="Success" success="True" time="3.086" asserts="0">
                        <results>
                          <test-suite type="TestFixture" name="UserTasksTest" executed="True" result="Success" success="True" time="3.023" asserts="0">
                            <results>
                              <test-case name="Bowerbird.Core.Test.Tasks.UserTasksTest.UserTasks_AreCredentialsValid_Passing_Empty_Password_Throws_DesignByContractException" executed="True" result="Success" success="True" time="0.095" asserts="1">
                                <categories>
                                  <category name="Persistance" />
                                  <category name="Integration" />
                                </categories>
                              </test-case>
                              <test-case name="Bowerbird.Core.Test.Tasks.UserTasksTest.UserTasks_AreCredentialsValid_Passing_Empty_Username_Throws_DesignByContractException" executed="True" result="Success" success="True" time="0.084" asserts="1">
                                <categories>
                                  <category name="Persistance" />
                                  <category name="Integration" />
                                </categories>
                              </test-case>
                              <test-case name="Bowerbird.Core.Test.Tasks.UserTasksTest.UserTasks_AreCredentialsValid_Passing_InValid_Username_And_Password_Returns_True" executed="True" result="Success" success="True" time="0.501" asserts="1">
                                <categories>
                                  <category name="Persistance" />
                                  <category name="Integration" />
                                </categories>
                              </test-case>
                              <test-case name="Bowerbird.Core.Test.Tasks.UserTasksTest.UserTasks_AreCredentialsValid_Passing_Valid_Username_And_Password_Returns_True" executed="True" result="Success" success="True" time="0.378" asserts="1">
                                <categories>
                                  <category name="Persistance" />
                                  <category name="Integration" />
                                </categories>
                              </test-case>
                              <test-case name="Bowerbird.Core.Test.Tasks.UserTasksTest.UserTasks_Constructor_Passing_Null_DocumentSession_Throws_DesignByContractException" executed="True" result="Success" success="True" time="0.097" asserts="1">
                                <categories>
                                  <category name="Unit" />
                                </categories>
                              </test-case>
                              <test-case name="Bowerbird.Core.Test.Tasks.UserTasksTest.UserTasks_IsEmailAvailable_Passing_Available_Email_Returns_True" executed="True" result="Success" success="True" time="0.377" asserts="1">
                                <categories>
                                  <category name="Integration" />
                                  <category name="Persistance" />
                                </categories>
                              </test-case>
                              <test-case name="Bowerbird.Core.Test.Tasks.UserTasksTest.UserTasks_IsEmailAvailable_Passing_Empty_Email_Throws_DesignByContractException" executed="True" result="Success" success="True" time="0.094" asserts="1">
                                <categories>
                                  <category name="Persistance" />
                                  <category name="Integration" />
                                </categories>
                              </test-case>
                              <test-case name="Bowerbird.Core.Test.Tasks.UserTasksTest.UserTasks_IsEmailAvailable_Passing_Existing_Email_Returns_False" executed="True" result="Success" success="True" time="0.397" asserts="1">
                                <categories>
                                  <category name="Integration" />
                                  <category name="Persistance" />
                                </categories>
                              </test-case>
                            </results>
                          </test-suite>
                        </results>
                      </test-suite>
                    </results>
                  </test-suite>
                </results>
              </test-suite>
            </results>
          </test-suite>
        </results>
      </test-suite>
      <test-suite type="Assembly" name="C:\Projects\bowerbird.web\Src\Bowerbird.Web.Test\bin\Debug\Bowerbird.Web.Test.dll" executed="True" result="Success" success="True" time="36.161" asserts="0">
        <results>
          <test-suite type="Namespace" name="Bowerbird" executed="True" result="Success" success="True" time="36.071" asserts="0">
            <results>
              <test-suite type="Namespace" name="Web" executed="True" result="Success" success="True" time="36.000" asserts="0">
                <results>
                  <test-suite type="Namespace" name="Test" executed="True" result="Success" success="True" time="35.890" asserts="0">
                    <results>
                      <test-suite type="Namespace" name="App_Start" executed="True" result="Inconclusive" success="False" time="0.081" asserts="0">
                        <results>
                          <test-suite type="TestFixture" name="BootstrapperTest" executed="True" result="Inconclusive" success="False" time="0.014" asserts="0" />
                        </results>
                      </test-suite>
                      <test-suite type="TestFixture" name="CommandBuilderTest" executed="True" result="Success" success="True" time="2.995" asserts="0">
                        <results>
                          <test-case name="Bowerbird.Web.Test.CommandBuilderTest.CommandBuilder_Build_Calls_Factory_Make" executed="True" result="Success" success="True" time="2.112" asserts="0">
                            <categories>
                              <category name="Integration" />
                            </categories>
                          </test-case>
                          <test-case name="Bowerbird.Web.Test.CommandBuilderTest.CommandBuilder_Build_Passing_Input_And_Action_Invokes_Action" executed="True" result="Success" success="True" time="0.068" asserts="1">
                            <categories>
                              <category name="Unit" />
                            </categories>
                          </test-case>
                          <test-case name="Bowerbird.Web.Test.CommandBuilderTest.CommandBuilder_Build_Passing_Input_And_Having_ServiceLocator_Not_Find_Instance_Throws_Exception" executed="True" result="Success" success="True" time="0.026" asserts="1">
                            <categories>
                              <category name="Unit" />
                            </categories>
                          </test-case>
                          <test-case name="Bowerbird.Web.Test.CommandBuilderTest.CommandBuilder_Build_Passing_Input_And_Null_Action_Returns_Command" executed="True" result="Success" success="True" time="0.016" asserts="1">
                            <categories>
                              <category name="Unit" />
                            </categories>
                          </test-case>
                          <test-case name="Bowerbird.Web.Test.CommandBuilderTest.CommandBuilder_Build_Passing_Null_Input_Throws_DesignByContractException" executed="True" result="Success" success="True" time="0.004" asserts="1">
                            <categories>
                              <category name="Unit" />
                            </categories>
                          </test-case>
                          <test-case name="Bowerbird.Web.Test.CommandBuilderTest.CommandBuilder_Constructor_Passing_Null_ServiceLocator_Throws_DesignByContractException" executed="True" result="Success" success="True" time="0.014" asserts="1">
                            <categories>
                              <category name="Unit" />
                            </categories>
                          </test-case>
                        </results>
                      </test-suite>
                      <test-suite type="Namespace" name="CommandFactories" executed="True" result="Success" success="True" time="0.261" asserts="0">
                        <results>
                          <test-suite type="TestFixture" name="ObservationCreateCommandFactoryTest" executed="True" result="Success" success="True" time="0.198" asserts="0">
                            <results>
                              <test-case name="Bowerbird.Web.Test.CommandFactories.ObservationCreateCommandFactoryTest.ObservationCreateCommandFactory_Make_Passing_Null_ObservationCreateInput_ThrowsDesignByContractException" executed="True" result="Success" success="True" time="0.001" asserts="1">
                                <categories>
                                  <category name="Unit" />
                                </categories>
                              </test-case>
                              <test-case name="Bowerbird.Web.Test.CommandFactories.ObservationCreateCommandFactoryTest.ObservationCreateCommandFactory_Make_Passing_ObservationCreateInput_Returns_Populated_ObservationCreateCommand" executed="True" result="Success" success="True" time="0.004" asserts="9">
                                <categories>
                                  <category name="Unit" />
                                </categories>
                              </test-case>
                            </results>
                          </test-suite>
                        </results>
                      </test-suite>
                      <test-suite type="Namespace" name="Config" executed="True" result="Success" success="True" time="3.313" asserts="0">
                        <results>
                          <test-suite type="TestFixture" name="BowerbirdNinjectModuleTest" executed="True" result="Success" success="True" time="2.813" asserts="0">
                            <results>
                              <test-case name="Bowerbird.Web.Test.Config.BowerbirdNinjectModuleTest.BowerbirdNinjectModule_Binds_HomeIndexFactory_To_IViewModelFactory_Having_HomeIndex" executed="False" result="Ignored">
                                <reason>
                                  <message><![CDATA[]]></message>
                                </reason>
                              </test-case>
                              <test-case name="Bowerbird.Web.Test.Config.BowerbirdNinjectModuleTest.BowerbirdNinjectModule_Binds_HomeIndexFactory_To_IViewModelFactory_Having_HomeIndexInput_And_HomeIndex" executed="True" result="Success" success="True" time="1.962" asserts="1">
                                <categories>
                                  <category name="Unit" />
                                </categories>
                              </test-case>
                              <test-case name="Bowerbird.Web.Test.Config.BowerbirdNinjectModuleTest.BowerbirdNinjectModule_Binds_NotifyActivityUserLoggedInEventHandler_To_UserLoggedInEvent" executed="True" result="Success" success="True" time="0.018" asserts="1">
                                <categories>
                                  <category name="Unit" />
                                </categories>
                              </test-case>
                              <test-case name="Bowerbird.Web.Test.Config.BowerbirdNinjectModuleTest.BowerbirdNinjectModule_Binds_NotifyActiviyObservationCreatedEventHandler_To_EntityCreatedEvent_Having_Observation" executed="True" result="Success" success="True" time="0.017" asserts="1">
                                <categories>
                                  <category name="Unit" />
                                </categories>
                              </test-case>
                              <test-case name="Bowerbird.Web.Test.Config.BowerbirdNinjectModuleTest.BowerbirdNinjectModule_Binds_ObservationCreateCommandFactory_To_ICommandFactory_Having_ObservationCreateInput_And_ObservationCreateCommand" executed="True" result="Success" success="True" time="0.014" asserts="1">
                                <categories>
                                  <category name="Unit" />
                                </categories>
                              </test-case>
                              <test-case name="Bowerbird.Web.Test.Config.BowerbirdNinjectModuleTest.BowerbirdNinjectModule_Binds_PagedListFactory_To_IPagedListFactory" executed="True" result="Success" success="True" time="0.020" asserts="1">
                                <categories>
                                  <category name="Unit" />
                                </categories>
                              </test-case>
                            </results>
                          </test-suite>
                          <test-suite type="TestFixture" name="UserContextTest" executed="True" result="Inconclusive" success="False" time="0.203" asserts="0">
                            <results>
                              <test-case name="Bowerbird.Web.Test.Config.UserContextTest.UserContext_IsUserAuthenticated_Having_Authenticated_Context_Returns_True" executed="False" result="Ignored">
                                <categories>
                                  <category name="Unit" />
                                </categories>
                                <reason>
                                  <message><![CDATA[]]></message>
                                </reason>
                              </test-case>
                              <test-case name="Bowerbird.Web.Test.Config.UserContextTest.UserContext_IsUserAuthenticated_Having_UnAuthenticated_Context_Returns_False" executed="False" result="Ignored">
                                <categories>
                                  <category name="Unit" />
                                </categories>
                                <reason>
                                  <message><![CDATA[]]></message>
                                </reason>
                              </test-case>
                            </results>
                          </test-suite>
                        </results>
                      </test-suite>
                      <test-suite type="Namespace" name="Controllers" executed="True" result="Success" success="True" time="3.068" asserts="0">
                        <results>
                          <test-suite type="TestFixture" name="AccountControllerTest" executed="True" result="Success" success="True" time="3.005" asserts="0">
                            <results>
                              <test-case name="Bowerbird.Web.Test.Controllers.AccountControllerTest.AccountController_Constructor_With_Null_CommandProcessor_Throws_DesignByContractException" executed="True" result="Success" success="True" time="0.038" asserts="1">
                                <categories>
                                  <category name="Unit" />
                                </categories>
                              </test-case>
                              <test-case name="Bowerbird.Web.Test.Controllers.AccountControllerTest.AccountController_Constructor_With_Null_UserContext_Throws_DesignByContractException" executed="True" result="Success" success="True" time="0.002" asserts="1">
                                <categories>
                                  <category name="Unit" />
                                </categories>
                              </test-case>
                              <test-case name="Bowerbird.Web.Test.Controllers.AccountControllerTest.AccountController_Constructor_With_Null_UserTasks_Throws_DesignByContractException" executed="True" result="Success" success="True" time="0.001" asserts="1">
                                <categories>
                                  <category name="Unit" />
                                </categories>
                              </test-case>
                              <test-case name="Bowerbird.Web.Test.Controllers.AccountControllerTest.AccountController_Constructor_With_Null_ViewModelRepository_Throws_DesignByContractException" executed="True" result="Success" success="True" time="0.002" asserts="1">
                                <categories>
                                  <category name="Unit" />
                                </categories>
                              </test-case>
                              <test-case name="Bowerbird.Web.Test.Controllers.AccountControllerTest.AccountController_HttpGet_Login_Having_Authenticated_User_Redirects_User_To_Home_Index" executed="True" result="Success" success="True" time="0.041" asserts="2">
                                <categories>
                                  <category name="Unit" />
                                </categories>
                              </test-case>
                              <test-case name="Bowerbird.Web.Test.Controllers.AccountControllerTest.AccountController_HttpGet_Login_Having_Unauthenticated_User_And_Cookie_Returns_Login_With_AccounLogin_ViewModel_Having_Username" executed="True" result="Success" success="True" time="0.025" asserts="2">
                                <categories>
                                  <category name="Unit" />
                                </categories>
                              </test-case>
                              <test-case name="Bowerbird.Web.Test.Controllers.AccountControllerTest.AccountController_HttpGet_Login_Having_Unauthenticated_User_And_No_Cookie_Returns_Login_With_Empty_AccounLogin_ViewModel" executed="True" result="Success" success="True" time="0.006" asserts="2">
                                <categories>
                                  <category name="Unit" />
                                </categories>
                              </test-case>
                              <test-case name="Bowerbird.Web.Test.Controllers.AccountControllerTest.AccountController_HttpPost_Login_Passing_Invalid_Credentials_Loads_LoginViewModel" executed="True" result="Success" success="True" time="0.045" asserts="0">
                                <categories>
                                  <category name="Integration" />
                                </categories>
                              </test-case>
                              <test-case name="Bowerbird.Web.Test.Controllers.AccountControllerTest.AccountController_HttpPost_Login_Passing_Invalid_Credentials_Returns_Login_View" executed="True" result="Success" success="True" time="0.011" asserts="1">
                                <categories>
                                  <category name="Unit" />
                                </categories>
                              </test-case>
                              <test-case name="Bowerbird.Web.Test.Controllers.AccountControllerTest.AccountController_HttpPost_Login_Passing_Null_AccountLoginInput_Throws_DesignByContractException" executed="True" result="Success" success="True" time="0.001" asserts="1">
                                <categories>
                                  <category name="Unit" />
                                </categories>
                              </test-case>
                              <test-case name="Bowerbird.Web.Test.Controllers.AccountControllerTest.AccountController_HttpPost_Login_Passing_Valid_Credentials_Processes_LastLogin_SignsUserIn_And_Redirects_To_Url" executed="True" result="Success" success="True" time="0.081" asserts="5">
                                <categories>
                                  <category name="Unit" />
                                </categories>
                              </test-case>
                              <test-case name="Bowerbird.Web.Test.Controllers.AccountControllerTest.AccountController_HttpPost_Login_Passing_Valid_Credentials_Processes_UserUpdateLastLoginCommand_And_Calls_SignUserIn" executed="True" result="Success" success="True" time="0.014" asserts="0">
                                <categories>
                                  <category name="Integration" />
                                </categories>
                              </test-case>
                              <test-case name="Bowerbird.Web.Test.Controllers.AccountControllerTest.AccountController_LoggingIn_Calls_UserContext_HasUserNameCookieValue" executed="True" result="Success" success="True" time="0.007" asserts="0">
                                <categories>
                                  <category name="Integration" />
                                </categories>
                              </test-case>
                              <test-case name="Bowerbird.Web.Test.Controllers.AccountControllerTest.AccountController_LoggingIn_Having_Cookie_With_ReturnUrl_RedirectsTo_ReturnUrl" executed="True" result="Success" success="True" time="0.002" asserts="3">
                                <categories>
                                  <category name="Unit" />
                                </categories>
                              </test-case>
                              <test-case name="Bowerbird.Web.Test.Controllers.AccountControllerTest.AccountController_LoggingIn_Having_Cookie_Without_ReturnUrl_RedirectsTo_Home_Index" executed="True" result="Success" success="True" time="0.006" asserts="2">
                                <categories>
                                  <category name="Unit" />
                                </categories>
                              </test-case>
                              <test-case name="Bowerbird.Web.Test.Controllers.AccountControllerTest.AccountController_LoggingIn_Not_Having_Cookie_RedirectsTo_Login" executed="True" result="Success" success="True" time="0.002" asserts="2">
                                <categories>
                                  <category name="Unit" />
                                </categories>
                              </test-case>
                              <test-case name="Bowerbird.Web.Test.Controllers.AccountControllerTest.AccountController_Logout_Calls_UserContext_SignUserOut" executed="True" result="Success" success="True" time="0.004" asserts="0">
                                <categories>
                                  <category name="Integration" />
                                </categories>
                              </test-case>
                              <test-case name="Bowerbird.Web.Test.Controllers.AccountControllerTest.AccountController_Logout_RedirectsTo_Logoutsuccess" executed="True" result="Success" success="True" time="0.001" asserts="2">
                                <categories>
                                  <category name="Unit" />
                                </categories>
                              </test-case>
                              <test-case name="Bowerbird.Web.Test.Controllers.AccountControllerTest.AccountController_LogoutSuccess_Calls_ViewModelRepository_Load" executed="True" result="Success" success="True" time="0.007" asserts="0">
                                <categories>
                                  <category name="Integration" />
                                </categories>
                              </test-case>
                              <test-case name="Bowerbird.Web.Test.Controllers.AccountControllerTest.AccountController_LogoutSuccess_Returns_DefaultViewModel" executed="True" result="Success" success="True" time="0.002" asserts="1">
                                <categories>
                                  <category name="Unit" />
                                </categories>
                              </test-case>
                            </results>
                          </test-suite>
                        </results>
                      </test-suite>
                      <test-suite type="Namespace" name="EventHandlers" executed="True" result="Success" success="True" time="2.422" asserts="0">
                        <results>
                          <test-suite type="TestFixture" name="NotifyActivityEventHandlerBaseTest" executed="True" result="Success" success="True" time="0.675" asserts="0">
                            <results>
                              <test-case name="Bowerbird.Web.Test.EventHandlers.NotifyActivityEventHandlerBaseTest.NotifyActivityEventHandler_Constructor_Passing_Null_UserContext_Throws_DesignByContractException" executed="True" result="Success" success="True" time="0.001" asserts="1">
                                <categories>
                                  <category name="Unit" />
                                </categories>
                              </test-case>
                              <test-case name="Bowerbird.Web.Test.EventHandlers.NotifyActivityEventHandlerBaseTest.NotifyActivityEventHandler_Notify_Calls_UserContext_GetChannel" executed="False" result="Ignored">
                                <categories>
                                  <category name="Integration" />
                                </categories>
                                <reason>
                                  <message><![CDATA[]]></message>
                                </reason>
                              </test-case>
                              <test-case name="Bowerbird.Web.Test.EventHandlers.NotifyActivityEventHandlerBaseTest.NotifyActivityEventHandler_Notify_Passing_Empty_Type_Throws_DesignByContractException" executed="True" result="Success" success="True" time="0.064" asserts="1">
                                <categories>
                                  <category name="Unit" />
                                </categories>
                              </test-case>
                              <test-case name="Bowerbird.Web.Test.EventHandlers.NotifyActivityEventHandlerBaseTest.NotifyActivityEventHandler_Notify_Passing_Null_Data_Throws_DesignByContractException" executed="True" result="Success" success="True" time="0.002" asserts="1">
                                <categories>
                                  <category name="Unit" />
                                </categories>
                              </test-case>
                              <test-case name="Bowerbird.Web.Test.EventHandlers.NotifyActivityEventHandlerBaseTest.NotifyActivityEventHandler_Notify_Passing_Null_User_Throws_DesignByContractException" executed="True" result="Success" success="True" time="0.002" asserts="1">
                                <categories>
                                  <category name="Unit" />
                                </categories>
                              </test-case>
                            </results>
                          </test-suite>
                          <test-suite type="TestFixture" name="NotifyActivityObservationCreatedEventHandlerTest" executed="True" result="Success" success="True" time="0.581" asserts="0">
                            <results>
                              <test-case name="Bowerbird.Web.Test.EventHandlers.NotifyActivityObservationCreatedEventHandlerTest.NotifyActivityObservationCreatedEventHandler_Constructor_Passing_Null_UserContext_Throws_DesignByContractException" executed="True" result="Success" success="True" time="0.001" asserts="1">
                                <categories>
                                  <category name="Unit" />
                                </categories>
                              </test-case>
                              <test-case name="Bowerbird.Web.Test.EventHandlers.NotifyActivityObservationCreatedEventHandlerTest.NotifyActivityObservationCreatedEventHandler_Notify_Calls_UserContext_GetChannel" executed="False" result="Ignored">
                                <categories>
                                  <category name="Unit" />
                                </categories>
                                <reason>
                                  <message><![CDATA[]]></message>
                                </reason>
                              </test-case>
                              <test-case name="Bowerbird.Web.Test.EventHandlers.NotifyActivityObservationCreatedEventHandlerTest.NotifyActivityObservationCreatedEventHandler_Notify_Passing_Empty_Type_Throws_DesignByContractException" executed="True" result="Success" success="True" time="0.003" asserts="1">
                                <categories>
                                  <category name="Unit" />
                                </categories>
                              </test-case>
                              <test-case name="Bowerbird.Web.Test.EventHandlers.NotifyActivityObservationCreatedEventHandlerTest.NotifyActivityObservationCreatedEventHandler_Notify_Passing_Null_Data_Throws_DesignByContractException" executed="True" result="Success" success="True" time="0.001" asserts="1">
                                <categories>
                                  <category name="Unit" />
                                </categories>
                              </test-case>
                              <test-case name="Bowerbird.Web.Test.EventHandlers.NotifyActivityObservationCreatedEventHandlerTest.NotifyActivityObservationCreatedEventHandler_Notify_Passing_Null_User_Throws_DesignByContractException" executed="True" result="Success" success="True" time="0.001" asserts="1">
                                <categories>
                                  <category name="Unit" />
                                </categories>
                              </test-case>
                            </results>
                          </test-suite>
                          <test-suite type="TestFixture" name="NotifyActivityUserLoggedInEventHandlerTest" executed="True" result="Success" success="True" time="0.646" asserts="0">
                            <results>
                              <test-case name="Bowerbird.Web.Test.EventHandlers.NotifyActivityUserLoggedInEventHandlerTest.NotifyActivityUserLoggedInEventHandler_Constructor_Passing_Null_UserContext_Throws_DesignByContractException" executed="True" result="Success" success="True" time="0.001" asserts="1">
                                <categories>
                                  <category name="Unit" />
                                </categories>
                              </test-case>
                              <test-case name="Bowerbird.Web.Test.EventHandlers.NotifyActivityUserLoggedInEventHandlerTest.NotifyActivityUserLoggedInEventHandler_Notify_Calls_UserContext_GetChannel" executed="False" result="Ignored">
                                <categories>
                                  <category name="Unit" />
                                </categories>
                                <reason>
                                  <message><![CDATA[]]></message>
                                </reason>
                              </test-case>
                              <test-case name="Bowerbird.Web.Test.EventHandlers.NotifyActivityUserLoggedInEventHandlerTest.NotifyActivityUserLoggedInEventHandler_Notify_Passing_Empty_Type_Throws_DesignByContractException" executed="True" result="Success" success="True" time="0.003" asserts="1">
                                <categories>
                                  <category name="Unit" />
                                </categories>
                              </test-case>
                              <test-case name="Bowerbird.Web.Test.EventHandlers.NotifyActivityUserLoggedInEventHandlerTest.NotifyActivityUserLoggedInEventHandler_Notify_Passing_Null_Data_Throws_DesignByContractException" executed="True" result="Success" success="True" time="0.001" asserts="1">
                                <categories>
                                  <category name="Unit" />
                                </categories>
                              </test-case>
                              <test-case name="Bowerbird.Web.Test.EventHandlers.NotifyActivityUserLoggedInEventHandlerTest.NotifyActivityUserLoggedInEventHandler_Notify_Passing_Null_User_Throws_DesignByContractException" executed="True" result="Success" success="True" time="0.001" asserts="1">
                                <categories>
                                  <category name="Unit" />
                                </categories>
                              </test-case>
                            </results>
                          </test-suite>
                        </results>
                      </test-suite>
                      <test-suite type="Namespace" name="Extensions" executed="True" result="Inconclusive" success="False" time="0.064" asserts="0">
                        <results>
                          <test-suite type="TestFixture" name="UrlHelperExtensionsTest" executed="True" result="Inconclusive" success="False" time="0.000" asserts="0" />
                        </results>
                      </test-suite>
                      <test-suite type="Namespace" name="Hubs" executed="True" result="Success" success="True" time="0.283" asserts="0">
                        <results>
                          <test-suite type="TestFixture" name="ActivityHubTest" executed="True" result="Success" success="True" time="0.221" asserts="0">
                            <results>
                              <test-case name="Bowerbird.Web.Test.Hubs.ActivityHubTest.ActivityHub_Constructor_With_Null_DocumentSession_Throws_DesignByContractException" executed="True" result="Success" success="True" time="0.002" asserts="1">
                                <categories>
                                  <category name="Unit" />
                                </categories>
                              </test-case>
                              <test-case name="Bowerbird.Web.Test.Hubs.ActivityHubTest.ActivityHub_StartActivityStream_Throws_NotImplementedException" executed="True" result="Success" success="True" time="0.027" asserts="1">
                                <categories>
                                  <category name="Unit" />
                                </categories>
                              </test-case>
                            </results>
                          </test-suite>
                        </results>
                      </test-suite>
                      <test-suite type="Namespace" name="ViewModelFactories" executed="True" result="Success" success="True" time="12.028" asserts="0">
                        <results>
                          <test-suite type="TestFixture" name="AccountLoginFactoryTest" executed="True" result="Success" success="True" time="0.392" asserts="0">
                            <results>
                              <test-case name="Bowerbird.Web.Test.ViewModelFactories.AccountLoginFactoryTest.AccountLoginFactory_Constructor_Passing_Null_DocumentSession_Throws_DesignByContractException" executed="True" result="Success" success="True" time="0.000" asserts="1">
                                <categories>
                                  <category name="Unit" />
                                </categories>
                              </test-case>
                              <test-case name="Bowerbird.Web.Test.ViewModelFactories.AccountLoginFactoryTest.AccountLoginFactory_Make_Passing_AccountLoginInput_Returns_AccountLogin" executed="True" result="Success" success="True" time="0.003" asserts="3">
                                <categories>
                                  <category name="Unit" />
                                </categories>
                              </test-case>
                              <test-case name="Bowerbird.Web.Test.ViewModelFactories.AccountLoginFactoryTest.AccountLoginFactory_Make_Passing_Null_AccountLoginInput_Throws_DesignByContractException" executed="True" result="Success" success="True" time="0.006" asserts="1">
                                <categories>
                                  <category name="Unit" />
                                </categories>
                              </test-case>
                            </results>
                          </test-suite>
                          <test-suite type="TestFixture" name="DefaultViewModelFactoryTest" executed="True" result="Success" success="True" time="0.192" asserts="0">
                            <results>
                              <test-case name="Bowerbird.Web.Test.ViewModelFactories.DefaultViewModelFactoryTest.DefaultViewModelFactory_Constructor_Passing_Null_DocumentSession_Throws_DesignByContractException" executed="True" result="Success" success="True" time="0.001" asserts="1">
                                <categories>
                                  <category name="Unit" />
                                </categories>
                              </test-case>
                              <test-case name="Bowerbird.Web.Test.ViewModelFactories.DefaultViewModelFactoryTest.DefaultViewModelFactory_Make_Returns_DefaultViewModel" executed="True" result="Success" success="True" time="0.001" asserts="1">
                                <categories>
                                  <category name="Unit" />
                                </categories>
                              </test-case>
                            </results>
                          </test-suite>
                          <test-suite type="TestFixture" name="HomeIndexFactoryTest" executed="True" result="Success" success="True" time="8.076" asserts="0">
                            <results>
                              <test-case name="Bowerbird.Web.Test.ViewModelFactories.HomeIndexFactoryTest.HomeIndexFactory_Constructor_Passing_Null_DocumentSession_Throws_DesignByContractException" executed="True" result="Success" success="True" time="2.060" asserts="1">
                                <categories>
                                  <category name="Unit" />
                                </categories>
                              </test-case>
                              <test-case name="Bowerbird.Web.Test.ViewModelFactories.HomeIndexFactoryTest.HomeIndexFactory_Constructor_Passing_Null_PagedListFactory_Throws_DesignByContractException" executed="True" result="Success" success="True" time="0.080" asserts="1">
                                <categories>
                                  <category name="Unit" />
                                </categories>
                              </test-case>
                              <test-case name="Bowerbird.Web.Test.ViewModelFactories.HomeIndexFactoryTest.HomeIndexFactory_Make_Passing_HomeIndexInput_Returns_HomeIndex" executed="True" result="Success" success="True" time="5.374" asserts="2">
                                <categories>
                                  <category name="Persistance" />
                                </categories>
                              </test-case>
                              <test-case name="Bowerbird.Web.Test.ViewModelFactories.HomeIndexFactoryTest.HomeIndexFactory_Make_Passing_Null_HomeIndexInput_Throws_DesignByContractException" executed="True" result="Success" success="True" time="0.092" asserts="1">
                                <categories>
                                  <category name="Unit" />
                                </categories>
                              </test-case>
                            </results>
                          </test-suite>
                          <test-suite type="TestFixture" name="PagedListFactoryTest" executed="True" result="Success" success="True" time="0.530" asserts="0">
                            <results>
                              <test-case name="Bowerbird.Web.Test.ViewModelFactories.PagedListFactoryTest.PagedListFactory_Make_Passing_Null_PageObjects_Throws_DesignByContractException" executed="True" result="Success" success="True" time="0.002" asserts="1">
                                <categories>
                                  <category name="Unit" />
                                </categories>
                              </test-case>
                              <test-case name="Bowerbird.Web.Test.ViewModelFactories.PagedListFactoryTest.PagedListFactory_Make_Passing_PageObjects_Returns_PagedList_With_Specified_Size_And_Count" executed="True" result="Success" success="True" time="0.000" asserts="3">
                                <categories>
                                  <category name="Unit" />
                                </categories>
                              </test-case>
                              <test-case name="Bowerbird.Web.Test.ViewModelFactories.PagedListFactoryTest.PagedListFactory_Make_Returns_PagedList_Having_TotalResultCount_Of_Zero" executed="True" result="Success" success="True" time="0.002" asserts="1">
                                <categories>
                                  <category name="Unit" />
                                </categories>
                              </test-case>
                              <test-case name="Bowerbird.Web.Test.ViewModelFactories.PagedListFactoryTest.PagedListFactory_Make_With_Type_Object_Returns_PagedList_Of_Type_Object" executed="True" result="Success" success="True" time="0.001" asserts="1">
                                <categories>
                                  <category name="Unit" />
                                </categories>
                              </test-case>
                            </results>
                          </test-suite>
                          <test-suite type="TestFixture" name="UserObservationsFactoryTest" executed="True" result="Success" success="True" time="1.373" asserts="0">
                            <results>
                              <test-case name="Bowerbird.Web.Test.ViewModelFactories.UserObservationsFactoryTest.UserObservationsFactory_Constructor_Passing_Null_DocumentSession_Throws_DesignByContractException" executed="True" result="Success" success="True" time="0.095" asserts="1">
                                <categories>
                                  <category name="Unit" />
                                </categories>
                              </test-case>
                              <test-case name="Bowerbird.Web.Test.ViewModelFactories.UserObservationsFactoryTest.UserObservationsFactory_Constructor_Passing_Null_PagedListFactory_Throws_DesignByContractException" executed="True" result="Success" success="True" time="0.090" asserts="1">
                                <categories>
                                  <category name="Unit" />
                                </categories>
                              </test-case>
                              <test-case name="Bowerbird.Web.Test.ViewModelFactories.UserObservationsFactoryTest.UserObservationsFactory_Make_Passing_Null_ObservationListInput_Throws_DesignByContractException" executed="True" result="Success" success="True" time="0.087" asserts="1">
                                <categories>
                                  <category name="Unit" />
                                </categories>
                              </test-case>
                              <test-case name="Bowerbird.Web.Test.ViewModelFactories.UserObservationsFactoryTest.UserObservationsFactory_Make_Passing_ObservationListInput_Returns_PagedList_Of_Observations" executed="True" result="Success" success="True" time="0.631" asserts="1">
                                <categories>
                                  <category name="Unit" />
                                </categories>
                              </test-case>
                            </results>
                          </test-suite>
                          <test-suite type="TestFixture" name="ViewModelFactoryBaseTest" executed="True" result="Success" success="True" time="0.466" asserts="0">
                            <results>
                              <test-case name="Bowerbird.Web.Test.ViewModelFactories.ViewModelFactoryBaseTest.ViewModelFactoryBase_SubClass_Having_Input_And_Output_DocumentSession_Is_A_IDocumentSession" executed="True" result="Success" success="True" time="0.009" asserts="1">
                                <categories>
                                  <category name="Unit" />
                                </categories>
                              </test-case>
                              <test-case name="Bowerbird.Web.Test.ViewModelFactories.ViewModelFactoryBaseTest.ViewModelFactoryBase_SubClass_Having_Input_Output_Constructor_Passing_Null_DocumentSession_Throws_DesignByContractException" executed="True" result="Success" success="True" time="0.001" asserts="1">
                                <categories>
                                  <category name="Unit" />
                                </categories>
                              </test-case>
                              <test-case name="Bowerbird.Web.Test.ViewModelFactories.ViewModelFactoryBaseTest.ViewModelFactoryBase_SubClass_Having_Output_Constructor_Passing_Null_DocumentSession_Throws_DesignByContractException" executed="True" result="Success" success="True" time="0.001" asserts="1">
                                <categories>
                                  <category name="Unit" />
                                </categories>
                              </test-case>
                              <test-case name="Bowerbird.Web.Test.ViewModelFactories.ViewModelFactoryBaseTest.ViewModelFactoryBase_SubClass_Having_Output_DocumentSession_Is_A_IDocumentSession" executed="True" result="Success" success="True" time="0.001" asserts="1">
                                <categories>
                                  <category name="Unit" />
                                </categories>
                              </test-case>
                            </results>
                          </test-suite>
                        </results>
                      </test-suite>
                      <test-suite type="TestFixture" name="ViewModelRepositoryTest" executed="True" result="Success" success="True" time="1.256" asserts="0">
                        <results>
                          <test-case name="Bowerbird.Web.Test.ViewModelRepositoryTest.ViewModelRepository_Constructor_Passing_Null_ServiceLocator_Throws_DesignByContractException" executed="True" result="Success" success="True" time="0.022" asserts="1">
                            <categories>
                              <category name="Unit" />
                            </categories>
                          </test-case>
                          <test-case name="Bowerbird.Web.Test.ViewModelRepositoryTest.ViewModelRepository_Load_Having_InputViewModel_And_ReturnViewModel_Calls_ViewModelFactory_Make" executed="True" result="Success" success="True" time="0.040" asserts="0">
                            <categories>
                              <category name="Integration" />
                            </categories>
                          </test-case>
                          <test-case name="Bowerbird.Web.Test.ViewModelRepositoryTest.ViewModelRepository_Load_Having_InputViewModel_And_ReturnViewModel_Passing_InputViewModel_Returns_ViewModel" executed="True" result="Success" success="True" time="0.119" asserts="1">
                            <categories>
                              <category name="Unit" />
                            </categories>
                          </test-case>
                          <test-case name="Bowerbird.Web.Test.ViewModelRepositoryTest.ViewModelRepository_Load_Having_InputViewModel_And_ReturnViewModel_Passing_Null_Input_Throws_DesignByContractException" executed="True" result="Success" success="True" time="0.014" asserts="1">
                            <categories>
                              <category name="Unit" />
                            </categories>
                          </test-case>
                          <test-case name="Bowerbird.Web.Test.ViewModelRepositoryTest.ViewModelRepository_Load_Having_InputViewModel_And_ReturnViewModel_With_ServiceLocator_Return_Null_Throws_Exception" executed="True" result="Success" success="True" time="0.017" asserts="1">
                            <categories>
                              <category name="Integration" />
                            </categories>
                          </test-case>
                          <test-case name="Bowerbird.Web.Test.ViewModelRepositoryTest.ViewModelRepository_Load_Having_ReturnViewModel_Calls_ViewModelFactory_Make" executed="True" result="Success" success="True" time="0.028" asserts="0">
                            <categories>
                              <category name="Integration" />
                            </categories>
                          </test-case>
                          <test-case name="Bowerbird.Web.Test.ViewModelRepositoryTest.ViewModelRepository_Load_Having_ReturnViewModel_Returns_ViewModel" executed="True" result="Success" success="True" time="0.016" asserts="1">
                            <categories>
                              <category name="Unit" />
                            </categories>
                          </test-case>
                          <test-case name="Bowerbird.Web.Test.ViewModelRepositoryTest.ViewModelRepository_Load_Having_ReturnViewModel_With_ServiceLocator_Return_Null_Throws_Exception" executed="True" result="Success" success="True" time="0.020" asserts="1">
                            <categories>
                              <category name="Integration" />
                            </categories>
                          </test-case>
                        </results>
                      </test-suite>
                      <test-suite type="Namespace" name="ViewModels" executed="True" result="Success" success="True" time="7.395" asserts="0">
                        <results>
                          <test-suite type="TestFixture" name="AccountLoginInputTest" executed="True" result="Success" success="True" time="0.453" asserts="0">
                            <results>
                              <test-case name="Bowerbird.Web.Test.ViewModels.AccountLoginInputTest.AccountLogin_Password_Is_A_String" executed="True" result="Success" success="True" time="0.001" asserts="1">
                                <categories>
                                  <category name="Unit" />
                                </categories>
                              </test-case>
                              <test-case name="Bowerbird.Web.Test.ViewModels.AccountLoginInputTest.AccountLogin_RememberMe_Is_A_Bool" executed="True" result="Success" success="True" time="0.001" asserts="1">
                                <categories>
                                  <category name="Unit" />
                                </categories>
                              </test-case>
                              <test-case name="Bowerbird.Web.Test.ViewModels.AccountLoginInputTest.AccountLogin_ReturnUrl_Is_A_String" executed="True" result="Success" success="True" time="0.001" asserts="1">
                                <categories>
                                  <category name="Unit" />
                                </categories>
                              </test-case>
                              <test-case name="Bowerbird.Web.Test.ViewModels.AccountLoginInputTest.AccountLogin_Username_Is_A_String" executed="True" result="Success" success="True" time="0.000" asserts="1">
                                <categories>
                                  <category name="Unit" />
                                </categories>
                              </test-case>
                            </results>
                          </test-suite>
                          <test-suite type="TestFixture" name="AccountLoginTest" executed="True" result="Success" success="True" time="0.325" asserts="0">
                            <results>
                              <test-case name="Bowerbird.Web.Test.ViewModels.AccountLoginTest.AccountLogin_RememberMe_Is_A_Bool" executed="True" result="Success" success="True" time="0.001" asserts="1">
                                <categories>
                                  <category name="Unit" />
                                </categories>
                              </test-case>
                              <test-case name="Bowerbird.Web.Test.ViewModels.AccountLoginTest.AccountLogin_ReturnUrl_Is_A_String" executed="True" result="Success" success="True" time="0.000" asserts="1">
                                <categories>
                                  <category name="Unit" />
                                </categories>
                              </test-case>
                              <test-case name="Bowerbird.Web.Test.ViewModels.AccountLoginTest.AccountLogin_Username_Is_A_String" executed="True" result="Success" success="True" time="0.001" asserts="1">
                                <categories>
                                  <category name="Unit" />
                                </categories>
                              </test-case>
                            </results>
                          </test-suite>
                          <test-suite type="TestFixture" name="DefaultViewModelTest" executed="True" result="Inconclusive" success="False" time="0.001" asserts="0" />
                          <test-suite type="TestFixture" name="HomeIndexInputTest" executed="True" result="Success" success="True" time="0.336" asserts="0">
                            <results>
                              <test-case name="Bowerbird.Web.Test.ViewModels.HomeIndexInputTest.HomeIndexInput_Page_Is_An_Int" executed="True" result="Success" success="True" time="0.002" asserts="1">
                                <categories>
                                  <category name="Unit" />
                                </categories>
                              </test-case>
                              <test-case name="Bowerbird.Web.Test.ViewModels.HomeIndexInputTest.HomeIndexInput_Pagesize_Is_An_Int" executed="True" result="Success" success="True" time="0.001" asserts="1">
                                <categories>
                                  <category name="Unit" />
                                </categories>
                              </test-case>
                              <test-case name="Bowerbird.Web.Test.ViewModels.HomeIndexInputTest.HomeIndexInput_Username_Is_A_String" executed="True" result="Success" success="True" time="0.001" asserts="1">
                                <categories>
                                  <category name="Unit" />
                                </categories>
                              </test-case>
                            </results>
                          </test-suite>
                          <test-suite type="TestFixture" name="HomeIndexTest" executed="True" result="Success" success="True" time="0.053" asserts="0">
                            <results>
                              <test-case name="Bowerbird.Web.Test.ViewModels.HomeIndexTest.HomeIndexInput_Pagesize_Is_An_Int" executed="True" result="Success" success="True" time="0.001" asserts="1">
                                <categories>
                                  <category name="Unit" />
                                </categories>
                              </test-case>
                            </results>
                          </test-suite>
                          <test-suite type="TestFixture" name="ObservationCreateInputTest" executed="True" result="Success" success="True" time="1.015" asserts="0">
                            <results>
                              <test-case name="Bowerbird.Web.Test.ViewModels.ObservationCreateInputTest.ObservationCreateInput_Address_Is_A_String" executed="True" result="Success" success="True" time="0.001" asserts="1">
                                <categories>
                                  <category name="Unit" />
                                </categories>
                              </test-case>
                              <test-case name="Bowerbird.Web.Test.ViewModels.ObservationCreateInputTest.ObservationCreateInput_Latitude_Is_A_String" executed="True" result="Success" success="True" time="0.001" asserts="1">
                                <categories>
                                  <category name="Unit" />
                                </categories>
                              </test-case>
                              <test-case name="Bowerbird.Web.Test.ViewModels.ObservationCreateInputTest.ObservationCreateInput_Longitude_Is_A_String" executed="True" result="Success" success="True" time="0.001" asserts="1">
                                <categories>
                                  <category name="Unit" />
                                </categories>
                              </test-case>
                              <test-case name="Bowerbird.Web.Test.ViewModels.ObservationCreateInputTest.ObservationCreateInput_MediaResources_Is_A_String_List" executed="True" result="Success" success="True" time="0.001" asserts="1">
                                <categories>
                                  <category name="Unit" />
                                </categories>
                              </test-case>
                              <test-case name="Bowerbird.Web.Test.ViewModels.ObservationCreateInputTest.ObservationCreateInput_ObservationCategory_Is_A_String" executed="True" result="Success" success="True" time="0.001" asserts="1">
                                <categories>
                                  <category name="Unit" />
                                </categories>
                              </test-case>
                              <test-case name="Bowerbird.Web.Test.ViewModels.ObservationCreateInputTest.ObservationCreateInput_ObservedOn_Is_A_DateTime" executed="True" result="Success" success="True" time="0.010" asserts="1">
                                <categories>
                                  <category name="Unit" />
                                </categories>
                              </test-case>
                              <test-case name="Bowerbird.Web.Test.ViewModels.ObservationCreateInputTest.ObservationCreateInput_Title_Is_A_String" executed="True" result="Success" success="True" time="0.001" asserts="1">
                                <categories>
                                  <category name="Unit" />
                                </categories>
                              </test-case>
                              <test-case name="Bowerbird.Web.Test.ViewModels.ObservationCreateInputTest.ObservationCreateInput_Username_Is_A_String" executed="True" result="Success" success="True" time="0.001" asserts="1">
                                <categories>
                                  <category name="Unit" />
                                </categories>
                              </test-case>
                            </results>
                          </test-suite>
                          <test-suite type="TestFixture" name="ObservationListInputTest" executed="True" result="Success" success="True" time="0.319" asserts="0">
                            <results>
                              <test-case name="Bowerbird.Web.Test.ViewModels.ObservationListInputTest.ObservationListInput_Page_Is_An_Int" executed="True" result="Success" success="True" time="0.001" asserts="1">
                                <categories>
                                  <category name="Unit" />
                                </categories>
                              </test-case>
                              <test-case name="Bowerbird.Web.Test.ViewModels.ObservationListInputTest.ObservationListInput_Pagesize_Is_An_Int" executed="True" result="Success" success="True" time="0.001" asserts="1">
                                <categories>
                                  <category name="Unit" />
                                </categories>
                              </test-case>
                              <test-case name="Bowerbird.Web.Test.ViewModels.ObservationListInputTest.ObservationListInput_Username_Is_A_String" executed="True" result="Success" success="True" time="0.001" asserts="1">
                                <categories>
                                  <category name="Unit" />
                                </categories>
                              </test-case>
                            </results>
                          </test-suite>
                          <test-suite type="Namespace" name="Paging" executed="True" result="Success" success="True" time="2.555" asserts="0">
                            <results>
                              <test-suite type="TestFixture" name="PagedListItemTest" executed="True" result="Success" success="True" time="0.484" asserts="0">
                                <results>
                                  <test-case name="Bowerbird.Web.Test.ViewModels.Paging.PagedListItemTest.PagedListItem_Constructor_Sets_Properties" executed="True" result="Success" success="True" time="0.003" asserts="3">
                                    <categories>
                                      <category name="Unit" />
                                    </categories>
                                  </test-case>
                                  <test-case name="Bowerbird.Web.Test.ViewModels.Paging.PagedListItemTest.PagedListItem_PageNumber_Is_A_PageNumber" executed="True" result="Success" success="True" time="0.001" asserts="1">
                                    <categories>
                                      <category name="Unit" />
                                    </categories>
                                  </test-case>
                                  <test-case name="Bowerbird.Web.Test.ViewModels.Paging.PagedListItemTest.PagedListItem_Position_Is_An_Int" executed="True" result="Success" success="True" time="0.000" asserts="1">
                                    <categories>
                                      <category name="Unit" />
                                    </categories>
                                  </test-case>
                                  <test-case name="Bowerbird.Web.Test.ViewModels.Paging.PagedListItemTest.PagedListItem_When_Typed_As_An_Object_Has_PageObject_Of_Type_Object" executed="True" result="Success" success="True" time="0.001" asserts="1">
                                    <categories>
                                      <category name="Unit" />
                                    </categories>
                                  </test-case>
                                </results>
                              </test-suite>
                              <test-suite type="TestFixture" name="PagedListTest" executed="True" result="Success" success="True" time="0.885" asserts="0">
                                <results>
                                  <test-case name="Bowerbird.Web.Test.ViewModels.Paging.PagedListTest.PagedList_AllPageNumbers_Is_A_List_Of_PageNumbers" executed="True" result="Success" success="True" time="0.003" asserts="1">
                                    <categories>
                                      <category name="Unit" />
                                    </categories>
                                  </test-case>
                                  <test-case name="Bowerbird.Web.Test.ViewModels.Paging.PagedListTest.PagedList_NextPageNumber_Is_A_PageNumber" executed="True" result="Success" success="True" time="0.006" asserts="1">
                                    <categories>
                                      <category name="Unit" />
                                    </categories>
                                  </test-case>
                                  <test-case name="Bowerbird.Web.Test.ViewModels.Paging.PagedListTest.PagedList_PagedListItems_Is_An_Enumerable_PagedListItem_Of_Specified_Type" executed="True" result="Success" success="True" time="0.001" asserts="1">
                                    <categories>
                                      <category name="Unit" />
                                    </categories>
                                  </test-case>
                                  <test-case name="Bowerbird.Web.Test.ViewModels.Paging.PagedListTest.PagedList_PageSize_Is_An_Int" executed="True" result="Success" success="True" time="0.001" asserts="1">
                                    <categories>
                                      <category name="Unit" />
                                    </categories>
                                  </test-case>
                                  <test-case name="Bowerbird.Web.Test.ViewModels.Paging.PagedListTest.PagedList_PreviousPageNumber_Is_A_PageNumber" executed="True" result="Success" success="True" time="0.002" asserts="1">
                                    <categories>
                                      <category name="Unit" />
                                    </categories>
                                  </test-case>
                                  <test-case name="Bowerbird.Web.Test.ViewModels.Paging.PagedListTest.PagedList_SelectedPageNumber_Is_A_PageNumber" executed="True" result="Success" success="True" time="0.001" asserts="1">
                                    <categories>
                                      <category name="Unit" />
                                    </categories>
                                  </test-case>
                                  <test-case name="Bowerbird.Web.Test.ViewModels.Paging.PagedListTest.PagedList_TotalResultCount_Is_An_Int" executed="True" result="Success" success="True" time="0.001" asserts="1">
                                    <categories>
                                      <category name="Unit" />
                                    </categories>
                                  </test-case>
                                </results>
                              </test-suite>
                              <test-suite type="TestFixture" name="PageNumberTest" executed="True" result="Success" success="True" time="0.716" asserts="0">
                                <results>
                                  <test-case name="Bowerbird.Web.Test.ViewModels.Paging.PageNumberTest.PageNumber_Constructor_Sets_Properties" executed="True" result="Success" success="True" time="0.003" asserts="5">
                                    <categories>
                                      <category name="Unit" />
                                    </categories>
                                  </test-case>
                                  <test-case name="Bowerbird.Web.Test.ViewModels.Paging.PageNumberTest.PageNumber_Name_Is_A_String" executed="True" result="Success" success="True" time="0.001" asserts="1">
                                    <categories>
                                      <category name="Unit" />
                                    </categories>
                                  </test-case>
                                  <test-case name="Bowerbird.Web.Test.ViewModels.Paging.PageNumberTest.PageNumber_Number_Is_An_Int" executed="True" result="Success" success="True" time="0.001" asserts="1">
                                    <categories>
                                      <category name="Unit" />
                                    </categories>
                                  </test-case>
                                  <test-case name="Bowerbird.Web.Test.ViewModels.Paging.PageNumberTest.PageNumber_PageEndNumber_Is_An_Int" executed="True" result="Success" success="True" time="0.000" asserts="1">
                                    <categories>
                                      <category name="Unit" />
                                    </categories>
                                  </test-case>
                                  <test-case name="Bowerbird.Web.Test.ViewModels.Paging.PageNumberTest.PageNumber_PageStartNumber_Is_An_Int" executed="True" result="Success" success="True" time="0.001" asserts="1">
                                    <categories>
                                      <category name="Unit" />
                                    </categories>
                                  </test-case>
                                  <test-case name="Bowerbird.Web.Test.ViewModels.Paging.PageNumberTest.PageNumber_Selected_Is_A_Bool" executed="True" result="Success" success="True" time="0.000" asserts="1">
                                    <categories>
                                      <category name="Unit" />
                                    </categories>
                                  </test-case>
                                </results>
                              </test-suite>
                            </results>
                          </test-suite>
                          <test-suite type="TestFixture" name="StreamItemTest" executed="True" result="Success" success="True" time="0.354" asserts="0">
                            <results>
                              <test-case name="Bowerbird.Web.Test.ViewModels.StreamItemTest.StreamItem_Item_Is_An_Object" executed="True" result="Success" success="True" time="0.005" asserts="1">
                                <categories>
                                  <category name="Unit" />
                                </categories>
                              </test-case>
                              <test-case name="Bowerbird.Web.Test.ViewModels.StreamItemTest.StreamItem_SubmittedOn_Is_A_DateTime" executed="True" result="Success" success="True" time="0.001" asserts="1">
                                <categories>
                                  <category name="Unit" />
                                </categories>
                              </test-case>
                              <test-case name="Bowerbird.Web.Test.ViewModels.StreamItemTest.StreamItem_Type_Is_A_String" executed="True" result="Success" success="True" time="0.001" asserts="1">
                                <categories>
                                  <category name="Unit" />
                                </categories>
                              </test-case>
                            </results>
                          </test-suite>
                          <test-suite type="TestFixture" name="UserCreateInputTest" executed="True" result="Success" success="True" time="0.065" asserts="0">
                            <results>
                              <test-case name="Bowerbird.Web.Test.ViewModels.UserCreateInputTest.UserCreatedInput_Username_Is_A_String" executed="True" result="Success" success="True" time="0.001" asserts="1">
                                <categories>
                                  <category name="Unit" />
                                </categories>
                              </test-case>
                            </results>
                          </test-suite>
                        </results>
                      </test-suite>
                    </results>
                  </test-suite>
                </results>
              </test-suite>
            </results>
          </test-suite>
        </results>
      </test-suite>
      <test-suite type="Assembly" name="C:\Projects\bowerbird.web\Src\Bowerbird.Test.Utils\bin\Debug\Bowerbird.Test.Utils.dll" executed="True" result="Inconclusive" success="False" time="0.022" asserts="0" />
    </results>
  </test-suite>
</test-results>