<?xml version="1.0" encoding="utf-8" standalone="no"?>
<!--This file represents the results of running a test suite-->
<test-results name="C:\Projects\bowerbird.web\Src\Bowerbird.sln" total="0" errors="0" failures="0" not-run="1" inconclusive="0" ignored="1" skipped="0" invalid="0" date="2011-12-16" time="00:03:54">
  <environment nunit-version="2.5.10.11092" clr-version="2.0.50727.5448" os-version="Microsoft Windows NT 6.1.7601 Service Pack 1" platform="Win32NT" cwd="C:\Program Files (x86)\NUnit 2.5.10\bin\net-2.0" machine-name="HAMISH-MACPROW7" user="Hamish" user-domain="Hamish-MacProW7" />
  <culture-info current-culture="en-AU" current-uiculture="en-US" />
  <test-suite type="Project" name="C:\Projects\bowerbird.web\Src\Bowerbird.sln" executed="True" result="Inconclusive" success="False" time="0.026" asserts="0">
    <results>
      <test-suite type="Assembly" name="C:\Projects\bowerbird.web\Src\Bowerbird.Core.Test\bin\Debug\Bowerbird.Core.Test.dll" executed="True" result="Inconclusive" success="False" time="0.024" asserts="0">
        <results>
          <test-suite type="Namespace" name="Bowerbird" executed="True" result="Inconclusive" success="False" time="0.023" asserts="0">
            <results>
              <test-suite type="Namespace" name="Core" executed="True" result="Inconclusive" success="False" time="0.022" asserts="0">
                <results>
                  <test-suite type="Namespace" name="Test" executed="True" result="Inconclusive" success="False" time="0.021" asserts="0">
                    <results>
                      <test-suite type="Namespace" name="Commands" executed="True" result="Inconclusive" success="False" time="0.020" asserts="0">
                        <results>
                          <test-suite type="TestFixture" name="ObservationCreateCommandTest" executed="True" result="Inconclusive" success="False" time="0.019" asserts="0">
                            <results>
                              <test-case name="Bowerbird.Core.Test.Commands.ObservationCreateCommandTest.ObservationCreateCommand_ValidationResults_WithInvalidInput_RaisesValidationError" executed="False" result="Ignored">
                                <reason>
                                  <message><![CDATA[]]></message>
                                </reason>
                              </test-case>
                            </results>
                          </test-suite>
                        </results>
                      </test-suite>
                    </results>
                  </test-suite>
                </results>
              </test-suite>
            </results>
          </test-suite>
        </results>
      </test-suite>
    </results>
  </test-suite>
</test-results>