<?xml version="1.0" encoding="utf-8" standalone="no"?>
<!--This file represents the results of running a test suite-->
<test-results name="C:\Projects\bowerbird.web\Src\bowerbird-web.nunit" total="1" errors="0" failures="1" not-run="0" inconclusive="0" ignored="0" skipped="0" invalid="0" date="2011-12-15" time="18:38:37">
  <environment nunit-version="2.5.10.11092" clr-version="2.0.50727.4963" os-version="Microsoft Windows NT 6.1.7600.0" platform="Win32NT" cwd="C:\Program Files (x86)\NUnit 2.5.10\bin\net-2.0" machine-name="MVPC1506" user="hcrittenden" user-domain="MV" />
  <culture-info current-culture="en-AU" current-uiculture="en-US" />
  <test-suite type="Test Project" name="C:\Projects\bowerbird.web\Src\bowerbird-web.nunit" executed="True" result="Failure" success="False" time="0.133" asserts="0">
    <results>
      <test-suite type="Assembly" name="C:\Projects\bowerbird.web\Src\Bowerbird.Core.Test\bin\Debug\Bowerbird.Core.Test.dll" executed="True" result="Failure" success="False" time="0.013" asserts="0">
        <results>
          <test-suite type="Namespace" name="Bowerbird" executed="True" result="Failure" success="False" time="0.012" asserts="0">
            <results>
              <test-suite type="Namespace" name="Core" executed="True" result="Failure" success="False" time="0.009" asserts="0">
                <results>
                  <test-suite type="Namespace" name="Test" executed="True" result="Failure" success="False" time="0.007" asserts="0">
                    <results>
                      <test-suite type="Namespace" name="Entities" executed="True" result="Failure" success="False" time="0.005" asserts="0">
                        <results>
                          <test-suite type="TestFixture" name="UserTest" executed="True" result="Failure" success="False" time="0.003" asserts="0">
                            <results>
                              <test-case name="Bowerbird.Core.Test.Entities.UserTest.User_AddMemebership_Passing_Role_Adds_Membership" executed="True" result="Failure" success="False" time="0.001" asserts="1">
                                <failure>
                                  <message><![CDATA[  Expected: 1
  But was:  2
]]></message>
                                  <stack-trace><![CDATA[at Bowerbird.Core.Test.Entities.UserTest.User_AddMemebership_Passing_Role_Adds_Membership() in C:\Projects\bowerbird.web\Src\Bowerbird.Core.Test\Entities\UserTest.cs:line 353
]]></stack-trace>
                                </failure>
                              </test-case>
                            </results>
                          </test-suite>
                        </results>
                      </test-suite>
                    </results>
                  </test-suite>
                </results>
              </test-suite>
            </results>
          </test-suite>
        </results>
      </test-suite>
    </results>
  </test-suite>
</test-results>